2022-03-29 11:40:59.6020 - Application started. Press Ctrl+C to shut down. -          

2022-03-29 11:40:59.6472 - Hosting environment: Development -          

2022-03-29 11:40:59.6472 - Content root path: D:\BackendApplication\SocialDirectoryApplication\SocialDirectoryApplication\ -          

2022-03-29 11:41:53.4367 - Entity Framework Core 6.0.3 initialized 'SocialDirectoryContext' using provider 'Microsoft.EntityFrameworkCore.SqlServer:6.0.3' with options: None -          

2022-03-29 11:41:57.2645 - Executed DbCommand (84ms) [Parameters=[@__model_EmailId_0='?' (Size = 4000), @__EncryptedPassword_1='?' (Size = 4000)], CommandType='Text', CommandTimeout='30']
SELECT TOP(1) [u].[UserId], [u].[DateOfBirth], [u].[EmailId], [u].[Gender], [u].[Interest], [u].[Location], [u].[MobileNumber], [u].[Name], [u].[Password]
FROM [UserTable] AS [u]
WHERE ([u].[EmailId] = @__model_EmailId_0) AND ([u].[Password] = @__EncryptedPassword_1) -          

2022-03-29 11:42:47.6700 - Entity Framework Core 6.0.3 initialized 'SocialDirectoryContext' using provider 'Microsoft.EntityFrameworkCore.SqlServer:6.0.3' with options: None -          

2022-03-29 11:42:47.6889 - Executed DbCommand (4ms) [Parameters=[@__model_EmailId_0='?' (Size = 4000), @__EncryptedPassword_1='?' (Size = 4000)], CommandType='Text', CommandTimeout='30']
SELECT TOP(1) [u].[UserId], [u].[DateOfBirth], [u].[EmailId], [u].[Gender], [u].[Interest], [u].[Location], [u].[MobileNumber], [u].[Name], [u].[Password]
FROM [UserTable] AS [u]
WHERE ([u].[EmailId] = @__model_EmailId_0) AND ([u].[Password] = @__EncryptedPassword_1) -          

2022-03-29 11:42:48.0177 - Entity Framework Core 6.0.3 initialized 'SocialDirectoryContext' using provider 'Microsoft.EntityFrameworkCore.SqlServer:6.0.3' with options: None -          

2022-03-29 11:42:48.0436 - Executed DbCommand (6ms) [Parameters=[@__jwtUserId_0='?' (DbType = Int64)], CommandType='Text', CommandTimeout='30']
SELECT [u].[UserId], [u].[DateOfBirth], [u].[EmailId], [u].[Gender], [u].[Interest], [u].[Location], [u].[MobileNumber], [u].[Name], [u].[Password]
FROM [UserTable] AS [u]
WHERE [u].[UserId] <> @__jwtUserId_0 -          

2022-03-29 11:42:54.4445 - Entity Framework Core 6.0.3 initialized 'SocialDirectoryContext' using provider 'Microsoft.EntityFrameworkCore.SqlServer:6.0.3' with options: None -          

2022-03-29 11:42:54.4445 - Executed DbCommand (1ms) [Parameters=[@__jwtUserId_0='?' (DbType = Int64)], CommandType='Text', CommandTimeout='30']
SELECT [u].[UserId], [u].[DateOfBirth], [u].[EmailId], [u].[Gender], [u].[Interest], [u].[Location], [u].[MobileNumber], [u].[Name], [u].[Password]
FROM [UserTable] AS [u]
WHERE [u].[UserId] <> @__jwtUserId_0 -          

2022-03-29 11:43:00.7450 - Entity Framework Core 6.0.3 initialized 'SocialDirectoryContext' using provider 'Microsoft.EntityFrameworkCore.SqlServer:6.0.3' with options: None -          

2022-03-29 11:43:00.7450 - Executed DbCommand (1ms) [Parameters=[@__jwtUserId_0='?' (DbType = Int64)], CommandType='Text', CommandTimeout='30']
SELECT [u].[UserId], [u].[DateOfBirth], [u].[EmailId], [u].[Gender], [u].[Interest], [u].[Location], [u].[MobileNumber], [u].[Name], [u].[Password]
FROM [UserTable] AS [u]
WHERE [u].[UserId] <> @__jwtUserId_0 -          

2022-03-29 11:43:06.9709 - Entity Framework Core 6.0.3 initialized 'SocialDirectoryContext' using provider 'Microsoft.EntityFrameworkCore.SqlServer:6.0.3' with options: None -          

2022-03-29 11:43:07.2304 - Executed DbCommand (10ms) [Parameters=[@p0='?' (DbType = Int64), @p1='?' (DbType = Int64)], CommandType='Text', CommandTimeout='30']
SET NOCOUNT ON;
INSERT INTO [ContactTable] ([ContactId], [UserId])
VALUES (@p0, @p1); -          

2022-03-29 11:43:07.2753 - Executed DbCommand (3ms) [Parameters=[@__contactId_0='?' (DbType = Int64)], CommandType='Text', CommandTimeout='30']
SELECT TOP(1) [u].[UserId], [u].[DateOfBirth], [u].[EmailId], [u].[Gender], [u].[Interest], [u].[Location], [u].[MobileNumber], [u].[Name], [u].[Password]
FROM [UserTable] AS [u]
WHERE [u].[UserId] = @__contactId_0 -          

2022-03-29 11:43:07.3573 - Entity Framework Core 6.0.3 initialized 'SocialDirectoryContext' using provider 'Microsoft.EntityFrameworkCore.SqlServer:6.0.3' with options: None -          

2022-03-29 11:43:07.4331 - Executed DbCommand (6ms) [Parameters=[@__jwtUserId_0='?' (DbType = Int64)], CommandType='Text', CommandTimeout='30']
SELECT [c].[ContactId], [u].[UserId], [u].[EmailId], [u].[Name], [u].[Gender], [u].[DateOfBirth], [u].[MobileNumber], [u].[Interest], [u].[Location]
FROM [UserTable] AS [u]
INNER JOIN [ContactTable] AS [c] ON [u].[UserId] = [c].[ContactId]
WHERE [c].[UserId] = @__jwtUserId_0 -          

2022-03-29 11:43:10.4521 - Entity Framework Core 6.0.3 initialized 'SocialDirectoryContext' using provider 'Microsoft.EntityFrameworkCore.SqlServer:6.0.3' with options: None -          

2022-03-29 11:43:10.4592 - Executed DbCommand (1ms) [Parameters=[@__jwtUserId_0='?' (DbType = Int64)], CommandType='Text', CommandTimeout='30']
SELECT [u].[UserId], [u].[DateOfBirth], [u].[EmailId], [u].[Gender], [u].[Interest], [u].[Location], [u].[MobileNumber], [u].[Name], [u].[Password]
FROM [UserTable] AS [u]
WHERE [u].[UserId] <> @__jwtUserId_0 -          

2022-03-29 11:43:12.4034 - Entity Framework Core 6.0.3 initialized 'SocialDirectoryContext' using provider 'Microsoft.EntityFrameworkCore.SqlServer:6.0.3' with options: None -          

2022-03-29 11:43:12.4369 - Failed executing DbCommand (9ms) [Parameters=[@p0='?' (DbType = Int64), @p1='?' (DbType = Int64)], CommandType='Text', CommandTimeout='30']
SET NOCOUNT ON;
INSERT INTO [ContactTable] ([ContactId], [UserId])
VALUES (@p0, @p1); -          

2022-03-29 11:43:12.7029 - An exception occurred in the database while saving changes for context type 'RepositoryLayer.Context.SocialDirectoryContext'.
Microsoft.EntityFrameworkCore.DbUpdateException: An error occurred while saving the entity changes. See the inner exception for details.
 ---> Microsoft.Data.SqlClient.SqlException (0x80131904): Violation of PRIMARY KEY constraint 'PK_ContactTable'. Cannot insert duplicate key in object 'dbo.ContactTable'. The duplicate key value is (2, 4).
The statement has been terminated.
   at Microsoft.Data.SqlClient.SqlConnection.OnError(SqlException exception, Boolean breakConnection, Action`1 wrapCloseInAction)
   at Microsoft.Data.SqlClient.SqlInternalConnection.OnError(SqlException exception, Boolean breakConnection, Action`1 wrapCloseInAction)
   at Microsoft.Data.SqlClient.TdsParser.ThrowExceptionAndWarning(TdsParserStateObject stateObj, Boolean callerHasConnectionLock, Boolean asyncClose)
   at Microsoft.Data.SqlClient.TdsParser.TryRun(RunBehavior runBehavior, SqlCommand cmdHandler, SqlDataReader dataStream, BulkCopySimpleResultSet bulkCopyHandler, TdsParserStateObject stateObj, Boolean& dataReady)
   at Microsoft.Data.SqlClient.SqlDataReader.TryConsumeMetaData()
   at Microsoft.Data.SqlClient.SqlDataReader.get_MetaData()
   at Microsoft.Data.SqlClient.SqlCommand.FinishExecuteReader(SqlDataReader ds, RunBehavior runBehavior, String resetOptionsString, Boolean isInternal, Boolean forDescribeParameterEncryption, Boolean shouldCacheForAlwaysEncrypted)
   at Microsoft.Data.SqlClient.SqlCommand.RunExecuteReaderTds(CommandBehavior cmdBehavior, RunBehavior runBehavior, Boolean returnStream, Boolean isAsync, Int32 timeout, Task& task, Boolean asyncWrite, Boolean inRetry, SqlDataReader ds, Boolean describeParameterEncryptionRequest)
   at Microsoft.Data.SqlClient.SqlCommand.RunExecuteReader(CommandBehavior cmdBehavior, RunBehavior runBehavior, Boolean returnStream, TaskCompletionSource`1 completion, Int32 timeout, Task& task, Boolean& usedCache, Boolean asyncWrite, Boolean inRetry, String method)
   at Microsoft.Data.SqlClient.SqlCommand.RunExecuteReader(CommandBehavior cmdBehavior, RunBehavior runBehavior, Boolean returnStream, String method)
   at Microsoft.Data.SqlClient.SqlCommand.ExecuteReader(CommandBehavior behavior)
   at Microsoft.Data.SqlClient.SqlCommand.ExecuteDbDataReader(CommandBehavior behavior)
   at System.Data.Common.DbCommand.ExecuteReader()
   at Microsoft.EntityFrameworkCore.Storage.RelationalCommand.ExecuteReader(RelationalCommandParameterObject parameterObject)
   at Microsoft.EntityFrameworkCore.Update.ReaderModificationCommandBatch.Execute(IRelationalConnection connection)
ClientConnectionId:d7859035-c26b-4261-90e9-f69fcb13b62e
Error Number:2627,State:1,Class:14
   --- End of inner exception stack trace ---
   at Microsoft.EntityFrameworkCore.Update.ReaderModificationCommandBatch.Execute(IRelationalConnection connection)
   at Microsoft.EntityFrameworkCore.Update.Internal.BatchExecutor.Execute(IEnumerable`1 commandBatches, IRelationalConnection connection)
   at Microsoft.EntityFrameworkCore.Storage.RelationalDatabase.SaveChanges(IList`1 entries)
   at Microsoft.EntityFrameworkCore.ChangeTracking.Internal.StateManager.SaveChanges(IList`1 entriesToSave)
   at Microsoft.EntityFrameworkCore.ChangeTracking.Internal.StateManager.SaveChanges(StateManager stateManager, Boolean acceptAllChangesOnSuccess)
   at Microsoft.EntityFrameworkCore.ChangeTracking.Internal.StateManager.<>c.<SaveChanges>b__104_0(DbContext _, ValueTuple`2 t)
   at Microsoft.EntityFrameworkCore.SqlServer.Storage.Internal.SqlServerExecutionStrategy.Execute[TState,TResult](TState state, Func`3 operation, Func`3 verifySucceeded)
   at Microsoft.EntityFrameworkCore.ChangeTracking.Internal.StateManager.SaveChanges(Boolean acceptAllChangesOnSuccess)
   at Microsoft.EntityFrameworkCore.DbContext.SaveChanges(Boolean acceptAllChangesOnSuccess) -             at Microsoft.EntityFrameworkCore.Update.ReaderModificationCommandBatch.Execute(IRelationalConnection connection)
   at Microsoft.EntityFrameworkCore.Update.Internal.BatchExecutor.Execute(IEnumerable`1 commandBatches, IRelationalConnection connection)
   at Microsoft.EntityFrameworkCore.Storage.RelationalDatabase.SaveChanges(IList`1 entries)
   at Microsoft.EntityFrameworkCore.ChangeTracking.Internal.StateManager.SaveChanges(IList`1 entriesToSave)
   at Microsoft.EntityFrameworkCore.ChangeTracking.Internal.StateManager.SaveChanges(StateManager stateManager, Boolean acceptAllChangesOnSuccess)
   at Microsoft.EntityFrameworkCore.ChangeTracking.Internal.StateManager.<>c.<SaveChanges>b__104_0(DbContext _, ValueTuple`2 t)
   at Microsoft.EntityFrameworkCore.SqlServer.Storage.Internal.SqlServerExecutionStrategy.Execute[TState,TResult](TState state, Func`3 operation, Func`3 verifySucceeded)
   at Microsoft.EntityFrameworkCore.ChangeTracking.Internal.StateManager.SaveChanges(Boolean acceptAllChangesOnSuccess)
   at Microsoft.EntityFrameworkCore.DbContext.SaveChanges(Boolean acceptAllChangesOnSuccess)

2022-03-29 11:43:16.2668 - Entity Framework Core 6.0.3 initialized 'SocialDirectoryContext' using provider 'Microsoft.EntityFrameworkCore.SqlServer:6.0.3' with options: None -          

2022-03-29 11:43:16.2777 - Failed executing DbCommand (3ms) [Parameters=[@p0='?' (DbType = Int64), @p1='?' (DbType = Int64)], CommandType='Text', CommandTimeout='30']
SET NOCOUNT ON;
INSERT INTO [ContactTable] ([ContactId], [UserId])
VALUES (@p0, @p1); -          

2022-03-29 11:43:16.2989 - An exception occurred in the database while saving changes for context type 'RepositoryLayer.Context.SocialDirectoryContext'.
Microsoft.EntityFrameworkCore.DbUpdateException: An error occurred while saving the entity changes. See the inner exception for details.
 ---> Microsoft.Data.SqlClient.SqlException (0x80131904): Violation of PRIMARY KEY constraint 'PK_ContactTable'. Cannot insert duplicate key in object 'dbo.ContactTable'. The duplicate key value is (2, 4).
The statement has been terminated.
   at Microsoft.Data.SqlClient.SqlConnection.OnError(SqlException exception, Boolean breakConnection, Action`1 wrapCloseInAction)
   at Microsoft.Data.SqlClient.SqlInternalConnection.OnError(SqlException exception, Boolean breakConnection, Action`1 wrapCloseInAction)
   at Microsoft.Data.SqlClient.TdsParser.ThrowExceptionAndWarning(TdsParserStateObject stateObj, Boolean callerHasConnectionLock, Boolean asyncClose)
   at Microsoft.Data.SqlClient.TdsParser.TryRun(RunBehavior runBehavior, SqlCommand cmdHandler, SqlDataReader dataStream, BulkCopySimpleResultSet bulkCopyHandler, TdsParserStateObject stateObj, Boolean& dataReady)
   at Microsoft.Data.SqlClient.SqlDataReader.TryConsumeMetaData()
   at Microsoft.Data.SqlClient.SqlDataReader.get_MetaData()
   at Microsoft.Data.SqlClient.SqlCommand.FinishExecuteReader(SqlDataReader ds, RunBehavior runBehavior, String resetOptionsString, Boolean isInternal, Boolean forDescribeParameterEncryption, Boolean shouldCacheForAlwaysEncrypted)
   at Microsoft.Data.SqlClient.SqlCommand.RunExecuteReaderTds(CommandBehavior cmdBehavior, RunBehavior runBehavior, Boolean returnStream, Boolean isAsync, Int32 timeout, Task& task, Boolean asyncWrite, Boolean inRetry, SqlDataReader ds, Boolean describeParameterEncryptionRequest)
   at Microsoft.Data.SqlClient.SqlCommand.RunExecuteReader(CommandBehavior cmdBehavior, RunBehavior runBehavior, Boolean returnStream, TaskCompletionSource`1 completion, Int32 timeout, Task& task, Boolean& usedCache, Boolean asyncWrite, Boolean inRetry, String method)
   at Microsoft.Data.SqlClient.SqlCommand.RunExecuteReader(CommandBehavior cmdBehavior, RunBehavior runBehavior, Boolean returnStream, String method)
   at Microsoft.Data.SqlClient.SqlCommand.ExecuteReader(CommandBehavior behavior)
   at Microsoft.Data.SqlClient.SqlCommand.ExecuteDbDataReader(CommandBehavior behavior)
   at System.Data.Common.DbCommand.ExecuteReader()
   at Microsoft.EntityFrameworkCore.Storage.RelationalCommand.ExecuteReader(RelationalCommandParameterObject parameterObject)
   at Microsoft.EntityFrameworkCore.Update.ReaderModificationCommandBatch.Execute(IRelationalConnection connection)
ClientConnectionId:d7859035-c26b-4261-90e9-f69fcb13b62e
Error Number:2627,State:1,Class:14
   --- End of inner exception stack trace ---
   at Microsoft.EntityFrameworkCore.Update.ReaderModificationCommandBatch.Execute(IRelationalConnection connection)
   at Microsoft.EntityFrameworkCore.Update.Internal.BatchExecutor.Execute(IEnumerable`1 commandBatches, IRelationalConnection connection)
   at Microsoft.EntityFrameworkCore.Storage.RelationalDatabase.SaveChanges(IList`1 entries)
   at Microsoft.EntityFrameworkCore.ChangeTracking.Internal.StateManager.SaveChanges(IList`1 entriesToSave)
   at Microsoft.EntityFrameworkCore.ChangeTracking.Internal.StateManager.SaveChanges(StateManager stateManager, Boolean acceptAllChangesOnSuccess)
   at Microsoft.EntityFrameworkCore.ChangeTracking.Internal.StateManager.<>c.<SaveChanges>b__104_0(DbContext _, ValueTuple`2 t)
   at Microsoft.EntityFrameworkCore.SqlServer.Storage.Internal.SqlServerExecutionStrategy.Execute[TState,TResult](TState state, Func`3 operation, Func`3 verifySucceeded)
   at Microsoft.EntityFrameworkCore.ChangeTracking.Internal.StateManager.SaveChanges(Boolean acceptAllChangesOnSuccess)
   at Microsoft.EntityFrameworkCore.DbContext.SaveChanges(Boolean acceptAllChangesOnSuccess) -             at Microsoft.EntityFrameworkCore.Update.ReaderModificationCommandBatch.Execute(IRelationalConnection connection)
   at Microsoft.EntityFrameworkCore.Update.Internal.BatchExecutor.Execute(IEnumerable`1 commandBatches, IRelationalConnection connection)
   at Microsoft.EntityFrameworkCore.Storage.RelationalDatabase.SaveChanges(IList`1 entries)
   at Microsoft.EntityFrameworkCore.ChangeTracking.Internal.StateManager.SaveChanges(IList`1 entriesToSave)
   at Microsoft.EntityFrameworkCore.ChangeTracking.Internal.StateManager.SaveChanges(StateManager stateManager, Boolean acceptAllChangesOnSuccess)
   at Microsoft.EntityFrameworkCore.ChangeTracking.Internal.StateManager.<>c.<SaveChanges>b__104_0(DbContext _, ValueTuple`2 t)
   at Microsoft.EntityFrameworkCore.SqlServer.Storage.Internal.SqlServerExecutionStrategy.Execute[TState,TResult](TState state, Func`3 operation, Func`3 verifySucceeded)
   at Microsoft.EntityFrameworkCore.ChangeTracking.Internal.StateManager.SaveChanges(Boolean acceptAllChangesOnSuccess)
   at Microsoft.EntityFrameworkCore.DbContext.SaveChanges(Boolean acceptAllChangesOnSuccess)

2022-03-29 11:43:29.6558 - Entity Framework Core 6.0.3 initialized 'SocialDirectoryContext' using provider 'Microsoft.EntityFrameworkCore.SqlServer:6.0.3' with options: None -          

2022-03-29 11:43:29.6781 - Executed DbCommand (4ms) [Parameters=[@__searchParameters_0='?' (Size = 4000), @__jwtUserId_1='?' (DbType = Int64)], CommandType='Text', CommandTimeout='30']
SELECT [u].[UserId], [u].[DateOfBirth], [u].[EmailId], [u].[Gender], [u].[Interest], [u].[Location], [u].[MobileNumber], [u].[Name], [u].[Password]
FROM [UserTable] AS [u]
WHERE ((((((([u].[EmailId] = @__searchParameters_0) AND ([u].[UserId] <> @__jwtUserId_1)) OR (([u].[Name] = @__searchParameters_0) AND ([u].[UserId] <> @__jwtUserId_1))) OR (([u].[Gender] = @__searchParameters_0) AND ([u].[UserId] <> @__jwtUserId_1))) OR (([u].[DateOfBirth] = @__searchParameters_0) AND ([u].[UserId] <> @__jwtUserId_1))) OR (([u].[MobileNumber] = @__searchParameters_0) AND ([u].[UserId] <> @__jwtUserId_1))) OR (([u].[Interest] = @__searchParameters_0) AND ([u].[UserId] <> @__jwtUserId_1))) OR (([u].[Location] = @__searchParameters_0) AND ([u].[UserId] <> @__jwtUserId_1)) -          

2022-03-29 11:43:36.5036 - Entity Framework Core 6.0.3 initialized 'SocialDirectoryContext' using provider 'Microsoft.EntityFrameworkCore.SqlServer:6.0.3' with options: None -          

2022-03-29 11:43:36.5119 - Executed DbCommand (1ms) [Parameters=[@__searchParameters_0='?' (Size = 4000), @__jwtUserId_1='?' (DbType = Int64)], CommandType='Text', CommandTimeout='30']
SELECT [u].[UserId], [u].[DateOfBirth], [u].[EmailId], [u].[Gender], [u].[Interest], [u].[Location], [u].[MobileNumber], [u].[Name], [u].[Password]
FROM [UserTable] AS [u]
WHERE ((((((([u].[EmailId] = @__searchParameters_0) AND ([u].[UserId] <> @__jwtUserId_1)) OR (([u].[Name] = @__searchParameters_0) AND ([u].[UserId] <> @__jwtUserId_1))) OR (([u].[Gender] = @__searchParameters_0) AND ([u].[UserId] <> @__jwtUserId_1))) OR (([u].[DateOfBirth] = @__searchParameters_0) AND ([u].[UserId] <> @__jwtUserId_1))) OR (([u].[MobileNumber] = @__searchParameters_0) AND ([u].[UserId] <> @__jwtUserId_1))) OR (([u].[Interest] = @__searchParameters_0) AND ([u].[UserId] <> @__jwtUserId_1))) OR (([u].[Location] = @__searchParameters_0) AND ([u].[UserId] <> @__jwtUserId_1)) -          

2022-03-29 11:43:42.5386 - Entity Framework Core 6.0.3 initialized 'SocialDirectoryContext' using provider 'Microsoft.EntityFrameworkCore.SqlServer:6.0.3' with options: None -          

2022-03-29 11:43:42.5386 - Executed DbCommand (1ms) [Parameters=[@__jwtUserId_0='?' (DbType = Int64)], CommandType='Text', CommandTimeout='30']
SELECT [u].[UserId], [u].[DateOfBirth], [u].[EmailId], [u].[Gender], [u].[Interest], [u].[Location], [u].[MobileNumber], [u].[Name], [u].[Password]
FROM [UserTable] AS [u]
WHERE [u].[UserId] <> @__jwtUserId_0 -          

2022-03-29 11:43:44.0214 - Entity Framework Core 6.0.3 initialized 'SocialDirectoryContext' using provider 'Microsoft.EntityFrameworkCore.SqlServer:6.0.3' with options: None -          

2022-03-29 11:43:44.0214 - Failed executing DbCommand (4ms) [Parameters=[@p0='?' (DbType = Int64), @p1='?' (DbType = Int64)], CommandType='Text', CommandTimeout='30']
SET NOCOUNT ON;
INSERT INTO [ContactTable] ([ContactId], [UserId])
VALUES (@p0, @p1); -          

2022-03-29 11:43:44.0559 - An exception occurred in the database while saving changes for context type 'RepositoryLayer.Context.SocialDirectoryContext'.
Microsoft.EntityFrameworkCore.DbUpdateException: An error occurred while saving the entity changes. See the inner exception for details.
 ---> Microsoft.Data.SqlClient.SqlException (0x80131904): Violation of PRIMARY KEY constraint 'PK_ContactTable'. Cannot insert duplicate key in object 'dbo.ContactTable'. The duplicate key value is (2, 4).
The statement has been terminated.
   at Microsoft.Data.SqlClient.SqlConnection.OnError(SqlException exception, Boolean breakConnection, Action`1 wrapCloseInAction)
   at Microsoft.Data.SqlClient.SqlInternalConnection.OnError(SqlException exception, Boolean breakConnection, Action`1 wrapCloseInAction)
   at Microsoft.Data.SqlClient.TdsParser.ThrowExceptionAndWarning(TdsParserStateObject stateObj, Boolean callerHasConnectionLock, Boolean asyncClose)
   at Microsoft.Data.SqlClient.TdsParser.TryRun(RunBehavior runBehavior, SqlCommand cmdHandler, SqlDataReader dataStream, BulkCopySimpleResultSet bulkCopyHandler, TdsParserStateObject stateObj, Boolean& dataReady)
   at Microsoft.Data.SqlClient.SqlDataReader.TryConsumeMetaData()
   at Microsoft.Data.SqlClient.SqlDataReader.get_MetaData()
   at Microsoft.Data.SqlClient.SqlCommand.FinishExecuteReader(SqlDataReader ds, RunBehavior runBehavior, String resetOptionsString, Boolean isInternal, Boolean forDescribeParameterEncryption, Boolean shouldCacheForAlwaysEncrypted)
   at Microsoft.Data.SqlClient.SqlCommand.RunExecuteReaderTds(CommandBehavior cmdBehavior, RunBehavior runBehavior, Boolean returnStream, Boolean isAsync, Int32 timeout, Task& task, Boolean asyncWrite, Boolean inRetry, SqlDataReader ds, Boolean describeParameterEncryptionRequest)
   at Microsoft.Data.SqlClient.SqlCommand.RunExecuteReader(CommandBehavior cmdBehavior, RunBehavior runBehavior, Boolean returnStream, TaskCompletionSource`1 completion, Int32 timeout, Task& task, Boolean& usedCache, Boolean asyncWrite, Boolean inRetry, String method)
   at Microsoft.Data.SqlClient.SqlCommand.RunExecuteReader(CommandBehavior cmdBehavior, RunBehavior runBehavior, Boolean returnStream, String method)
   at Microsoft.Data.SqlClient.SqlCommand.ExecuteReader(CommandBehavior behavior)
   at Microsoft.Data.SqlClient.SqlCommand.ExecuteDbDataReader(CommandBehavior behavior)
   at System.Data.Common.DbCommand.ExecuteReader()
   at Microsoft.EntityFrameworkCore.Storage.RelationalCommand.ExecuteReader(RelationalCommandParameterObject parameterObject)
   at Microsoft.EntityFrameworkCore.Update.ReaderModificationCommandBatch.Execute(IRelationalConnection connection)
ClientConnectionId:d7859035-c26b-4261-90e9-f69fcb13b62e
Error Number:2627,State:1,Class:14
   --- End of inner exception stack trace ---
   at Microsoft.EntityFrameworkCore.Update.ReaderModificationCommandBatch.Execute(IRelationalConnection connection)
   at Microsoft.EntityFrameworkCore.Update.Internal.BatchExecutor.Execute(IEnumerable`1 commandBatches, IRelationalConnection connection)
   at Microsoft.EntityFrameworkCore.Storage.RelationalDatabase.SaveChanges(IList`1 entries)
   at Microsoft.EntityFrameworkCore.ChangeTracking.Internal.StateManager.SaveChanges(IList`1 entriesToSave)
   at Microsoft.EntityFrameworkCore.ChangeTracking.Internal.StateManager.SaveChanges(StateManager stateManager, Boolean acceptAllChangesOnSuccess)
   at Microsoft.EntityFrameworkCore.ChangeTracking.Internal.StateManager.<>c.<SaveChanges>b__104_0(DbContext _, ValueTuple`2 t)
   at Microsoft.EntityFrameworkCore.SqlServer.Storage.Internal.SqlServerExecutionStrategy.Execute[TState,TResult](TState state, Func`3 operation, Func`3 verifySucceeded)
   at Microsoft.EntityFrameworkCore.ChangeTracking.Internal.StateManager.SaveChanges(Boolean acceptAllChangesOnSuccess)
   at Microsoft.EntityFrameworkCore.DbContext.SaveChanges(Boolean acceptAllChangesOnSuccess) -             at Microsoft.EntityFrameworkCore.Update.ReaderModificationCommandBatch.Execute(IRelationalConnection connection)
   at Microsoft.EntityFrameworkCore.Update.Internal.BatchExecutor.Execute(IEnumerable`1 commandBatches, IRelationalConnection connection)
   at Microsoft.EntityFrameworkCore.Storage.RelationalDatabase.SaveChanges(IList`1 entries)
   at Microsoft.EntityFrameworkCore.ChangeTracking.Internal.StateManager.SaveChanges(IList`1 entriesToSave)
   at Microsoft.EntityFrameworkCore.ChangeTracking.Internal.StateManager.SaveChanges(StateManager stateManager, Boolean acceptAllChangesOnSuccess)
   at Microsoft.EntityFrameworkCore.ChangeTracking.Internal.StateManager.<>c.<SaveChanges>b__104_0(DbContext _, ValueTuple`2 t)
   at Microsoft.EntityFrameworkCore.SqlServer.Storage.Internal.SqlServerExecutionStrategy.Execute[TState,TResult](TState state, Func`3 operation, Func`3 verifySucceeded)
   at Microsoft.EntityFrameworkCore.ChangeTracking.Internal.StateManager.SaveChanges(Boolean acceptAllChangesOnSuccess)
   at Microsoft.EntityFrameworkCore.DbContext.SaveChanges(Boolean acceptAllChangesOnSuccess)

2022-03-29 11:43:48.6740 - Entity Framework Core 6.0.3 initialized 'SocialDirectoryContext' using provider 'Microsoft.EntityFrameworkCore.SqlServer:6.0.3' with options: None -          

2022-03-29 11:43:48.6862 - Failed executing DbCommand (3ms) [Parameters=[@p0='?' (DbType = Int64), @p1='?' (DbType = Int64)], CommandType='Text', CommandTimeout='30']
SET NOCOUNT ON;
INSERT INTO [ContactTable] ([ContactId], [UserId])
VALUES (@p0, @p1); -          

2022-03-29 11:43:48.7045 - An exception occurred in the database while saving changes for context type 'RepositoryLayer.Context.SocialDirectoryContext'.
Microsoft.EntityFrameworkCore.DbUpdateException: An error occurred while saving the entity changes. See the inner exception for details.
 ---> Microsoft.Data.SqlClient.SqlException (0x80131904): Violation of PRIMARY KEY constraint 'PK_ContactTable'. Cannot insert duplicate key in object 'dbo.ContactTable'. The duplicate key value is (2, 4).
The statement has been terminated.
   at Microsoft.Data.SqlClient.SqlConnection.OnError(SqlException exception, Boolean breakConnection, Action`1 wrapCloseInAction)
   at Microsoft.Data.SqlClient.SqlInternalConnection.OnError(SqlException exception, Boolean breakConnection, Action`1 wrapCloseInAction)
   at Microsoft.Data.SqlClient.TdsParser.ThrowExceptionAndWarning(TdsParserStateObject stateObj, Boolean callerHasConnectionLock, Boolean asyncClose)
   at Microsoft.Data.SqlClient.TdsParser.TryRun(RunBehavior runBehavior, SqlCommand cmdHandler, SqlDataReader dataStream, BulkCopySimpleResultSet bulkCopyHandler, TdsParserStateObject stateObj, Boolean& dataReady)
   at Microsoft.Data.SqlClient.SqlDataReader.TryConsumeMetaData()
   at Microsoft.Data.SqlClient.SqlDataReader.get_MetaData()
   at Microsoft.Data.SqlClient.SqlCommand.FinishExecuteReader(SqlDataReader ds, RunBehavior runBehavior, String resetOptionsString, Boolean isInternal, Boolean forDescribeParameterEncryption, Boolean shouldCacheForAlwaysEncrypted)
   at Microsoft.Data.SqlClient.SqlCommand.RunExecuteReaderTds(CommandBehavior cmdBehavior, RunBehavior runBehavior, Boolean returnStream, Boolean isAsync, Int32 timeout, Task& task, Boolean asyncWrite, Boolean inRetry, SqlDataReader ds, Boolean describeParameterEncryptionRequest)
   at Microsoft.Data.SqlClient.SqlCommand.RunExecuteReader(CommandBehavior cmdBehavior, RunBehavior runBehavior, Boolean returnStream, TaskCompletionSource`1 completion, Int32 timeout, Task& task, Boolean& usedCache, Boolean asyncWrite, Boolean inRetry, String method)
   at Microsoft.Data.SqlClient.SqlCommand.RunExecuteReader(CommandBehavior cmdBehavior, RunBehavior runBehavior, Boolean returnStream, String method)
   at Microsoft.Data.SqlClient.SqlCommand.ExecuteReader(CommandBehavior behavior)
   at Microsoft.Data.SqlClient.SqlCommand.ExecuteDbDataReader(CommandBehavior behavior)
   at System.Data.Common.DbCommand.ExecuteReader()
   at Microsoft.EntityFrameworkCore.Storage.RelationalCommand.ExecuteReader(RelationalCommandParameterObject parameterObject)
   at Microsoft.EntityFrameworkCore.Update.ReaderModificationCommandBatch.Execute(IRelationalConnection connection)
ClientConnectionId:d7859035-c26b-4261-90e9-f69fcb13b62e
Error Number:2627,State:1,Class:14
   --- End of inner exception stack trace ---
   at Microsoft.EntityFrameworkCore.Update.ReaderModificationCommandBatch.Execute(IRelationalConnection connection)
   at Microsoft.EntityFrameworkCore.Update.Internal.BatchExecutor.Execute(IEnumerable`1 commandBatches, IRelationalConnection connection)
   at Microsoft.EntityFrameworkCore.Storage.RelationalDatabase.SaveChanges(IList`1 entries)
   at Microsoft.EntityFrameworkCore.ChangeTracking.Internal.StateManager.SaveChanges(IList`1 entriesToSave)
   at Microsoft.EntityFrameworkCore.ChangeTracking.Internal.StateManager.SaveChanges(StateManager stateManager, Boolean acceptAllChangesOnSuccess)
   at Microsoft.EntityFrameworkCore.ChangeTracking.Internal.StateManager.<>c.<SaveChanges>b__104_0(DbContext _, ValueTuple`2 t)
   at Microsoft.EntityFrameworkCore.SqlServer.Storage.Internal.SqlServerExecutionStrategy.Execute[TState,TResult](TState state, Func`3 operation, Func`3 verifySucceeded)
   at Microsoft.EntityFrameworkCore.ChangeTracking.Internal.StateManager.SaveChanges(Boolean acceptAllChangesOnSuccess)
   at Microsoft.EntityFrameworkCore.DbContext.SaveChanges(Boolean acceptAllChangesOnSuccess) -             at Microsoft.EntityFrameworkCore.Update.ReaderModificationCommandBatch.Execute(IRelationalConnection connection)
   at Microsoft.EntityFrameworkCore.Update.Internal.BatchExecutor.Execute(IEnumerable`1 commandBatches, IRelationalConnection connection)
   at Microsoft.EntityFrameworkCore.Storage.RelationalDatabase.SaveChanges(IList`1 entries)
   at Microsoft.EntityFrameworkCore.ChangeTracking.Internal.StateManager.SaveChanges(IList`1 entriesToSave)
   at Microsoft.EntityFrameworkCore.ChangeTracking.Internal.StateManager.SaveChanges(StateManager stateManager, Boolean acceptAllChangesOnSuccess)
   at Microsoft.EntityFrameworkCore.ChangeTracking.Internal.StateManager.<>c.<SaveChanges>b__104_0(DbContext _, ValueTuple`2 t)
   at Microsoft.EntityFrameworkCore.SqlServer.Storage.Internal.SqlServerExecutionStrategy.Execute[TState,TResult](TState state, Func`3 operation, Func`3 verifySucceeded)
   at Microsoft.EntityFrameworkCore.ChangeTracking.Internal.StateManager.SaveChanges(Boolean acceptAllChangesOnSuccess)
   at Microsoft.EntityFrameworkCore.DbContext.SaveChanges(Boolean acceptAllChangesOnSuccess)

2022-03-29 11:43:51.4803 - Entity Framework Core 6.0.3 initialized 'SocialDirectoryContext' using provider 'Microsoft.EntityFrameworkCore.SqlServer:6.0.3' with options: None -          

2022-03-29 11:43:51.4803 - Executed DbCommand (1ms) [Parameters=[@__jwtUserId_0='?' (DbType = Int64)], CommandType='Text', CommandTimeout='30']
SELECT [u].[UserId], [u].[DateOfBirth], [u].[EmailId], [u].[Gender], [u].[Interest], [u].[Location], [u].[MobileNumber], [u].[Name], [u].[Password]
FROM [UserTable] AS [u]
WHERE [u].[UserId] <> @__jwtUserId_0 -          

2022-03-29 11:43:53.9111 - Entity Framework Core 6.0.3 initialized 'SocialDirectoryContext' using provider 'Microsoft.EntityFrameworkCore.SqlServer:6.0.3' with options: None -          

2022-03-29 11:43:53.9267 - Executed DbCommand (2ms) [Parameters=[@__jwtUserId_0='?' (DbType = Int64)], CommandType='Text', CommandTimeout='30']
SELECT [u].[UserId], [u].[DateOfBirth], [u].[EmailId], [u].[Gender], [u].[Interest], [u].[Location], [u].[MobileNumber], [u].[Name], [u].[Password]
FROM [UserTable] AS [u]
WHERE [u].[UserId] = @__jwtUserId_0 -          

2022-03-29 11:44:34.2990 - Entity Framework Core 6.0.3 initialized 'SocialDirectoryContext' using provider 'Microsoft.EntityFrameworkCore.SqlServer:6.0.3' with options: None -          

2022-03-29 11:44:34.3071 - Executed DbCommand (1ms) [Parameters=[@__jwtUserId_0='?' (DbType = Int64)], CommandType='Text', CommandTimeout='30']
SELECT [u].[UserId], [u].[DateOfBirth], [u].[EmailId], [u].[Gender], [u].[Interest], [u].[Location], [u].[MobileNumber], [u].[Name], [u].[Password]
FROM [UserTable] AS [u]
WHERE [u].[UserId] = @__jwtUserId_0 -          

2022-03-29 11:44:39.8221 - Entity Framework Core 6.0.3 initialized 'SocialDirectoryContext' using provider 'Microsoft.EntityFrameworkCore.SqlServer:6.0.3' with options: None -          

2022-03-29 11:44:39.8221 - Executed DbCommand (1ms) [Parameters=[@__jwtUserId_0='?' (DbType = Int64)], CommandType='Text', CommandTimeout='30']
SELECT [u].[UserId], [u].[DateOfBirth], [u].[EmailId], [u].[Gender], [u].[Interest], [u].[Location], [u].[MobileNumber], [u].[Name], [u].[Password]
FROM [UserTable] AS [u]
WHERE [u].[UserId] = @__jwtUserId_0 -          

2022-03-29 11:44:42.0609 - Entity Framework Core 6.0.3 initialized 'SocialDirectoryContext' using provider 'Microsoft.EntityFrameworkCore.SqlServer:6.0.3' with options: None -          

2022-03-29 11:44:42.0609 - Executed DbCommand (1ms) [Parameters=[@__jwtUserId_0='?' (DbType = Int64)], CommandType='Text', CommandTimeout='30']
SELECT [u].[UserId], [u].[DateOfBirth], [u].[EmailId], [u].[Gender], [u].[Interest], [u].[Location], [u].[MobileNumber], [u].[Name], [u].[Password]
FROM [UserTable] AS [u]
WHERE [u].[UserId] = @__jwtUserId_0 -          

2022-03-29 16:36:51.0543 - Application started. Press Ctrl+C to shut down. -          

2022-03-29 16:36:51.1224 - Hosting environment: Development -          

2022-03-29 16:36:51.1321 - Content root path: D:\BackendApplication\SocialDirectoryApplication\SocialDirectoryApplication\ -          

2022-03-29 16:37:52.5449 - Entity Framework Core 6.0.3 initialized 'SocialDirectoryContext' using provider 'Microsoft.EntityFrameworkCore.SqlServer:6.0.3' with options: None -          

2022-03-29 16:37:54.8005 - Executed DbCommand (91ms) [Parameters=[@__model_EmailId_0='?' (Size = 4000), @__EncryptedPassword_1='?' (Size = 4000)], CommandType='Text', CommandTimeout='30']
SELECT TOP(1) [u].[UserId], [u].[DateOfBirth], [u].[EmailId], [u].[Gender], [u].[Interest], [u].[Location], [u].[MobileNumber], [u].[Name], [u].[Password]
FROM [UserTable] AS [u]
WHERE ([u].[EmailId] = @__model_EmailId_0) AND ([u].[Password] = @__EncryptedPassword_1) -          

2022-03-29 16:37:55.5370 - Entity Framework Core 6.0.3 initialized 'SocialDirectoryContext' using provider 'Microsoft.EntityFrameworkCore.SqlServer:6.0.3' with options: None -          

2022-03-29 16:37:55.5617 - Executed DbCommand (6ms) [Parameters=[@__jwtUserId_0='?' (DbType = Int64)], CommandType='Text', CommandTimeout='30']
SELECT [u].[UserId], [u].[DateOfBirth], [u].[EmailId], [u].[Gender], [u].[Interest], [u].[Location], [u].[MobileNumber], [u].[Name], [u].[Password]
FROM [UserTable] AS [u]
WHERE [u].[UserId] <> @__jwtUserId_0 -          

2022-03-29 16:38:55.5156 - Entity Framework Core 6.0.3 initialized 'SocialDirectoryContext' using provider 'Microsoft.EntityFrameworkCore.SqlServer:6.0.3' with options: None -          

2022-03-29 16:38:55.5320 - Executed DbCommand (1ms) [Parameters=[@__jwtUserId_0='?' (DbType = Int64)], CommandType='Text', CommandTimeout='30']
SELECT [u].[UserId], [u].[DateOfBirth], [u].[EmailId], [u].[Gender], [u].[Interest], [u].[Location], [u].[MobileNumber], [u].[Name], [u].[Password]
FROM [UserTable] AS [u]
WHERE [u].[UserId] <> @__jwtUserId_0 -          

2022-03-29 16:39:08.2737 - Entity Framework Core 6.0.3 initialized 'SocialDirectoryContext' using provider 'Microsoft.EntityFrameworkCore.SqlServer:6.0.3' with options: None -          

2022-03-29 16:39:08.2737 - Executed DbCommand (1ms) [Parameters=[@__jwtUserId_0='?' (DbType = Int64)], CommandType='Text', CommandTimeout='30']
SELECT [u].[UserId], [u].[DateOfBirth], [u].[EmailId], [u].[Gender], [u].[Interest], [u].[Location], [u].[MobileNumber], [u].[Name], [u].[Password]
FROM [UserTable] AS [u]
WHERE [u].[UserId] <> @__jwtUserId_0 -          

2022-03-29 16:39:29.7048 - Entity Framework Core 6.0.3 initialized 'SocialDirectoryContext' using provider 'Microsoft.EntityFrameworkCore.SqlServer:6.0.3' with options: None -          

2022-03-29 16:39:29.7126 - Executed DbCommand (1ms) [Parameters=[@__jwtUserId_0='?' (DbType = Int64)], CommandType='Text', CommandTimeout='30']
SELECT [u].[UserId], [u].[DateOfBirth], [u].[EmailId], [u].[Gender], [u].[Interest], [u].[Location], [u].[MobileNumber], [u].[Name], [u].[Password]
FROM [UserTable] AS [u]
WHERE [u].[UserId] <> @__jwtUserId_0 -          

2022-03-29 16:39:46.6593 - Entity Framework Core 6.0.3 initialized 'SocialDirectoryContext' using provider 'Microsoft.EntityFrameworkCore.SqlServer:6.0.3' with options: None -          

2022-03-29 16:39:46.6637 - Executed DbCommand (1ms) [Parameters=[@__jwtUserId_0='?' (DbType = Int64)], CommandType='Text', CommandTimeout='30']
SELECT [u].[UserId], [u].[DateOfBirth], [u].[EmailId], [u].[Gender], [u].[Interest], [u].[Location], [u].[MobileNumber], [u].[Name], [u].[Password]
FROM [UserTable] AS [u]
WHERE [u].[UserId] <> @__jwtUserId_0 -          

2022-03-29 16:40:03.1649 - Entity Framework Core 6.0.3 initialized 'SocialDirectoryContext' using provider 'Microsoft.EntityFrameworkCore.SqlServer:6.0.3' with options: None -          

2022-03-29 16:40:03.1859 - Executed DbCommand (8ms) [Parameters=[@__jwtUserId_0='?' (DbType = Int64)], CommandType='Text', CommandTimeout='30']
SELECT [u].[UserId], [u].[DateOfBirth], [u].[EmailId], [u].[Gender], [u].[Interest], [u].[Location], [u].[MobileNumber], [u].[Name], [u].[Password]
FROM [UserTable] AS [u]
WHERE [u].[UserId] <> @__jwtUserId_0 -          

2022-03-29 16:40:19.3977 - Entity Framework Core 6.0.3 initialized 'SocialDirectoryContext' using provider 'Microsoft.EntityFrameworkCore.SqlServer:6.0.3' with options: None -          

2022-03-29 16:40:19.3977 - Executed DbCommand (1ms) [Parameters=[@__jwtUserId_0='?' (DbType = Int64)], CommandType='Text', CommandTimeout='30']
SELECT [u].[UserId], [u].[DateOfBirth], [u].[EmailId], [u].[Gender], [u].[Interest], [u].[Location], [u].[MobileNumber], [u].[Name], [u].[Password]
FROM [UserTable] AS [u]
WHERE [u].[UserId] <> @__jwtUserId_0 -          

2022-03-29 16:40:21.7361 - Entity Framework Core 6.0.3 initialized 'SocialDirectoryContext' using provider 'Microsoft.EntityFrameworkCore.SqlServer:6.0.3' with options: None -          

2022-03-29 16:40:21.9810 - Executed DbCommand (8ms) [Parameters=[@p0='?' (DbType = Int64), @p1='?' (DbType = Int64)], CommandType='Text', CommandTimeout='30']
SET NOCOUNT ON;
INSERT INTO [ContactTable] ([ContactId], [UserId])
VALUES (@p0, @p1); -          

2022-03-29 16:40:22.0229 - Executed DbCommand (2ms) [Parameters=[@__contactId_0='?' (DbType = Int64)], CommandType='Text', CommandTimeout='30']
SELECT TOP(1) [u].[UserId], [u].[DateOfBirth], [u].[EmailId], [u].[Gender], [u].[Interest], [u].[Location], [u].[MobileNumber], [u].[Name], [u].[Password]
FROM [UserTable] AS [u]
WHERE [u].[UserId] = @__contactId_0 -          

2022-03-29 16:40:22.0970 - Entity Framework Core 6.0.3 initialized 'SocialDirectoryContext' using provider 'Microsoft.EntityFrameworkCore.SqlServer:6.0.3' with options: None -          

2022-03-29 16:40:22.1614 - Executed DbCommand (5ms) [Parameters=[@__jwtUserId_0='?' (DbType = Int64)], CommandType='Text', CommandTimeout='30']
SELECT [c].[ContactId], [u].[UserId], [u].[EmailId], [u].[Name], [u].[Gender], [u].[DateOfBirth], [u].[MobileNumber], [u].[Interest], [u].[Location]
FROM [UserTable] AS [u]
INNER JOIN [ContactTable] AS [c] ON [u].[UserId] = [c].[ContactId]
WHERE [c].[UserId] = @__jwtUserId_0 -          

2022-03-29 16:40:24.3109 - Entity Framework Core 6.0.3 initialized 'SocialDirectoryContext' using provider 'Microsoft.EntityFrameworkCore.SqlServer:6.0.3' with options: None -          

2022-03-29 16:40:24.3187 - Executed DbCommand (1ms) [Parameters=[@__jwtUserId_0='?' (DbType = Int64)], CommandType='Text', CommandTimeout='30']
SELECT [u].[UserId], [u].[DateOfBirth], [u].[EmailId], [u].[Gender], [u].[Interest], [u].[Location], [u].[MobileNumber], [u].[Name], [u].[Password]
FROM [UserTable] AS [u]
WHERE [u].[UserId] <> @__jwtUserId_0 -          

2022-03-29 16:40:26.6396 - Entity Framework Core 6.0.3 initialized 'SocialDirectoryContext' using provider 'Microsoft.EntityFrameworkCore.SqlServer:6.0.3' with options: None -          

2022-03-29 16:40:26.6712 - Failed executing DbCommand (8ms) [Parameters=[@p0='?' (DbType = Int64), @p1='?' (DbType = Int64)], CommandType='Text', CommandTimeout='30']
SET NOCOUNT ON;
INSERT INTO [ContactTable] ([ContactId], [UserId])
VALUES (@p0, @p1); -          

2022-03-29 16:40:26.7759 - An exception occurred in the database while saving changes for context type 'RepositoryLayer.Context.SocialDirectoryContext'.
Microsoft.EntityFrameworkCore.DbUpdateException: An error occurred while saving the entity changes. See the inner exception for details.
 ---> Microsoft.Data.SqlClient.SqlException (0x80131904): Violation of PRIMARY KEY constraint 'PK_ContactTable'. Cannot insert duplicate key in object 'dbo.ContactTable'. The duplicate key value is (2, 1).
The statement has been terminated.
   at Microsoft.Data.SqlClient.SqlConnection.OnError(SqlException exception, Boolean breakConnection, Action`1 wrapCloseInAction)
   at Microsoft.Data.SqlClient.SqlInternalConnection.OnError(SqlException exception, Boolean breakConnection, Action`1 wrapCloseInAction)
   at Microsoft.Data.SqlClient.TdsParser.ThrowExceptionAndWarning(TdsParserStateObject stateObj, Boolean callerHasConnectionLock, Boolean asyncClose)
   at Microsoft.Data.SqlClient.TdsParser.TryRun(RunBehavior runBehavior, SqlCommand cmdHandler, SqlDataReader dataStream, BulkCopySimpleResultSet bulkCopyHandler, TdsParserStateObject stateObj, Boolean& dataReady)
   at Microsoft.Data.SqlClient.SqlDataReader.TryConsumeMetaData()
   at Microsoft.Data.SqlClient.SqlDataReader.get_MetaData()
   at Microsoft.Data.SqlClient.SqlCommand.FinishExecuteReader(SqlDataReader ds, RunBehavior runBehavior, String resetOptionsString, Boolean isInternal, Boolean forDescribeParameterEncryption, Boolean shouldCacheForAlwaysEncrypted)
   at Microsoft.Data.SqlClient.SqlCommand.RunExecuteReaderTds(CommandBehavior cmdBehavior, RunBehavior runBehavior, Boolean returnStream, Boolean isAsync, Int32 timeout, Task& task, Boolean asyncWrite, Boolean inRetry, SqlDataReader ds, Boolean describeParameterEncryptionRequest)
   at Microsoft.Data.SqlClient.SqlCommand.RunExecuteReader(CommandBehavior cmdBehavior, RunBehavior runBehavior, Boolean returnStream, TaskCompletionSource`1 completion, Int32 timeout, Task& task, Boolean& usedCache, Boolean asyncWrite, Boolean inRetry, String method)
   at Microsoft.Data.SqlClient.SqlCommand.RunExecuteReader(CommandBehavior cmdBehavior, RunBehavior runBehavior, Boolean returnStream, String method)
   at Microsoft.Data.SqlClient.SqlCommand.ExecuteReader(CommandBehavior behavior)
   at Microsoft.Data.SqlClient.SqlCommand.ExecuteDbDataReader(CommandBehavior behavior)
   at System.Data.Common.DbCommand.ExecuteReader()
   at Microsoft.EntityFrameworkCore.Storage.RelationalCommand.ExecuteReader(RelationalCommandParameterObject parameterObject)
   at Microsoft.EntityFrameworkCore.Update.ReaderModificationCommandBatch.Execute(IRelationalConnection connection)
ClientConnectionId:2136ae7c-3205-4d88-9ed9-14266dd80e5b
Error Number:2627,State:1,Class:14
   --- End of inner exception stack trace ---
   at Microsoft.EntityFrameworkCore.Update.ReaderModificationCommandBatch.Execute(IRelationalConnection connection)
   at Microsoft.EntityFrameworkCore.Update.Internal.BatchExecutor.Execute(IEnumerable`1 commandBatches, IRelationalConnection connection)
   at Microsoft.EntityFrameworkCore.Storage.RelationalDatabase.SaveChanges(IList`1 entries)
   at Microsoft.EntityFrameworkCore.ChangeTracking.Internal.StateManager.SaveChanges(IList`1 entriesToSave)
   at Microsoft.EntityFrameworkCore.ChangeTracking.Internal.StateManager.SaveChanges(StateManager stateManager, Boolean acceptAllChangesOnSuccess)
   at Microsoft.EntityFrameworkCore.ChangeTracking.Internal.StateManager.<>c.<SaveChanges>b__104_0(DbContext _, ValueTuple`2 t)
   at Microsoft.EntityFrameworkCore.SqlServer.Storage.Internal.SqlServerExecutionStrategy.Execute[TState,TResult](TState state, Func`3 operation, Func`3 verifySucceeded)
   at Microsoft.EntityFrameworkCore.ChangeTracking.Internal.StateManager.SaveChanges(Boolean acceptAllChangesOnSuccess)
   at Microsoft.EntityFrameworkCore.DbContext.SaveChanges(Boolean acceptAllChangesOnSuccess) -             at Microsoft.EntityFrameworkCore.Update.ReaderModificationCommandBatch.Execute(IRelationalConnection connection)
   at Microsoft.EntityFrameworkCore.Update.Internal.BatchExecutor.Execute(IEnumerable`1 commandBatches, IRelationalConnection connection)
   at Microsoft.EntityFrameworkCore.Storage.RelationalDatabase.SaveChanges(IList`1 entries)
   at Microsoft.EntityFrameworkCore.ChangeTracking.Internal.StateManager.SaveChanges(IList`1 entriesToSave)
   at Microsoft.EntityFrameworkCore.ChangeTracking.Internal.StateManager.SaveChanges(StateManager stateManager, Boolean acceptAllChangesOnSuccess)
   at Microsoft.EntityFrameworkCore.ChangeTracking.Internal.StateManager.<>c.<SaveChanges>b__104_0(DbContext _, ValueTuple`2 t)
   at Microsoft.EntityFrameworkCore.SqlServer.Storage.Internal.SqlServerExecutionStrategy.Execute[TState,TResult](TState state, Func`3 operation, Func`3 verifySucceeded)
   at Microsoft.EntityFrameworkCore.ChangeTracking.Internal.StateManager.SaveChanges(Boolean acceptAllChangesOnSuccess)
   at Microsoft.EntityFrameworkCore.DbContext.SaveChanges(Boolean acceptAllChangesOnSuccess)

2022-03-29 16:40:30.0879 - Entity Framework Core 6.0.3 initialized 'SocialDirectoryContext' using provider 'Microsoft.EntityFrameworkCore.SqlServer:6.0.3' with options: None -          

2022-03-29 16:40:30.0879 - Failed executing DbCommand (3ms) [Parameters=[@p0='?' (DbType = Int64), @p1='?' (DbType = Int64)], CommandType='Text', CommandTimeout='30']
SET NOCOUNT ON;
INSERT INTO [ContactTable] ([ContactId], [UserId])
VALUES (@p0, @p1); -          

2022-03-29 16:40:30.1178 - An exception occurred in the database while saving changes for context type 'RepositoryLayer.Context.SocialDirectoryContext'.
Microsoft.EntityFrameworkCore.DbUpdateException: An error occurred while saving the entity changes. See the inner exception for details.
 ---> Microsoft.Data.SqlClient.SqlException (0x80131904): Violation of PRIMARY KEY constraint 'PK_ContactTable'. Cannot insert duplicate key in object 'dbo.ContactTable'. The duplicate key value is (2, 1).
The statement has been terminated.
   at Microsoft.Data.SqlClient.SqlConnection.OnError(SqlException exception, Boolean breakConnection, Action`1 wrapCloseInAction)
   at Microsoft.Data.SqlClient.SqlInternalConnection.OnError(SqlException exception, Boolean breakConnection, Action`1 wrapCloseInAction)
   at Microsoft.Data.SqlClient.TdsParser.ThrowExceptionAndWarning(TdsParserStateObject stateObj, Boolean callerHasConnectionLock, Boolean asyncClose)
   at Microsoft.Data.SqlClient.TdsParser.TryRun(RunBehavior runBehavior, SqlCommand cmdHandler, SqlDataReader dataStream, BulkCopySimpleResultSet bulkCopyHandler, TdsParserStateObject stateObj, Boolean& dataReady)
   at Microsoft.Data.SqlClient.SqlDataReader.TryConsumeMetaData()
   at Microsoft.Data.SqlClient.SqlDataReader.get_MetaData()
   at Microsoft.Data.SqlClient.SqlCommand.FinishExecuteReader(SqlDataReader ds, RunBehavior runBehavior, String resetOptionsString, Boolean isInternal, Boolean forDescribeParameterEncryption, Boolean shouldCacheForAlwaysEncrypted)
   at Microsoft.Data.SqlClient.SqlCommand.RunExecuteReaderTds(CommandBehavior cmdBehavior, RunBehavior runBehavior, Boolean returnStream, Boolean isAsync, Int32 timeout, Task& task, Boolean asyncWrite, Boolean inRetry, SqlDataReader ds, Boolean describeParameterEncryptionRequest)
   at Microsoft.Data.SqlClient.SqlCommand.RunExecuteReader(CommandBehavior cmdBehavior, RunBehavior runBehavior, Boolean returnStream, TaskCompletionSource`1 completion, Int32 timeout, Task& task, Boolean& usedCache, Boolean asyncWrite, Boolean inRetry, String method)
   at Microsoft.Data.SqlClient.SqlCommand.RunExecuteReader(CommandBehavior cmdBehavior, RunBehavior runBehavior, Boolean returnStream, String method)
   at Microsoft.Data.SqlClient.SqlCommand.ExecuteReader(CommandBehavior behavior)
   at Microsoft.Data.SqlClient.SqlCommand.ExecuteDbDataReader(CommandBehavior behavior)
   at System.Data.Common.DbCommand.ExecuteReader()
   at Microsoft.EntityFrameworkCore.Storage.RelationalCommand.ExecuteReader(RelationalCommandParameterObject parameterObject)
   at Microsoft.EntityFrameworkCore.Update.ReaderModificationCommandBatch.Execute(IRelationalConnection connection)
ClientConnectionId:2136ae7c-3205-4d88-9ed9-14266dd80e5b
Error Number:2627,State:1,Class:14
   --- End of inner exception stack trace ---
   at Microsoft.EntityFrameworkCore.Update.ReaderModificationCommandBatch.Execute(IRelationalConnection connection)
   at Microsoft.EntityFrameworkCore.Update.Internal.BatchExecutor.Execute(IEnumerable`1 commandBatches, IRelationalConnection connection)
   at Microsoft.EntityFrameworkCore.Storage.RelationalDatabase.SaveChanges(IList`1 entries)
   at Microsoft.EntityFrameworkCore.ChangeTracking.Internal.StateManager.SaveChanges(IList`1 entriesToSave)
   at Microsoft.EntityFrameworkCore.ChangeTracking.Internal.StateManager.SaveChanges(StateManager stateManager, Boolean acceptAllChangesOnSuccess)
   at Microsoft.EntityFrameworkCore.ChangeTracking.Internal.StateManager.<>c.<SaveChanges>b__104_0(DbContext _, ValueTuple`2 t)
   at Microsoft.EntityFrameworkCore.SqlServer.Storage.Internal.SqlServerExecutionStrategy.Execute[TState,TResult](TState state, Func`3 operation, Func`3 verifySucceeded)
   at Microsoft.EntityFrameworkCore.ChangeTracking.Internal.StateManager.SaveChanges(Boolean acceptAllChangesOnSuccess)
   at Microsoft.EntityFrameworkCore.DbContext.SaveChanges(Boolean acceptAllChangesOnSuccess) -             at Microsoft.EntityFrameworkCore.Update.ReaderModificationCommandBatch.Execute(IRelationalConnection connection)
   at Microsoft.EntityFrameworkCore.Update.Internal.BatchExecutor.Execute(IEnumerable`1 commandBatches, IRelationalConnection connection)
   at Microsoft.EntityFrameworkCore.Storage.RelationalDatabase.SaveChanges(IList`1 entries)
   at Microsoft.EntityFrameworkCore.ChangeTracking.Internal.StateManager.SaveChanges(IList`1 entriesToSave)
   at Microsoft.EntityFrameworkCore.ChangeTracking.Internal.StateManager.SaveChanges(StateManager stateManager, Boolean acceptAllChangesOnSuccess)
   at Microsoft.EntityFrameworkCore.ChangeTracking.Internal.StateManager.<>c.<SaveChanges>b__104_0(DbContext _, ValueTuple`2 t)
   at Microsoft.EntityFrameworkCore.SqlServer.Storage.Internal.SqlServerExecutionStrategy.Execute[TState,TResult](TState state, Func`3 operation, Func`3 verifySucceeded)
   at Microsoft.EntityFrameworkCore.ChangeTracking.Internal.StateManager.SaveChanges(Boolean acceptAllChangesOnSuccess)
   at Microsoft.EntityFrameworkCore.DbContext.SaveChanges(Boolean acceptAllChangesOnSuccess)

2022-03-29 16:40:34.2110 - Entity Framework Core 6.0.3 initialized 'SocialDirectoryContext' using provider 'Microsoft.EntityFrameworkCore.SqlServer:6.0.3' with options: None -          

2022-03-29 16:40:34.2450 - Executed DbCommand (1ms) [Parameters=[@__jwtUserId_0='?' (DbType = Int64)], CommandType='Text', CommandTimeout='30']
SELECT [u].[UserId], [u].[DateOfBirth], [u].[EmailId], [u].[Gender], [u].[Interest], [u].[Location], [u].[MobileNumber], [u].[Name], [u].[Password]
FROM [UserTable] AS [u]
WHERE [u].[UserId] <> @__jwtUserId_0 -          

2022-03-29 16:41:18.5167 - Entity Framework Core 6.0.3 initialized 'SocialDirectoryContext' using provider 'Microsoft.EntityFrameworkCore.SqlServer:6.0.3' with options: None -          

2022-03-29 16:41:18.5272 - Executed DbCommand (1ms) [Parameters=[@__jwtUserId_0='?' (DbType = Int64)], CommandType='Text', CommandTimeout='30']
SELECT [u].[UserId], [u].[DateOfBirth], [u].[EmailId], [u].[Gender], [u].[Interest], [u].[Location], [u].[MobileNumber], [u].[Name], [u].[Password]
FROM [UserTable] AS [u]
WHERE [u].[UserId] <> @__jwtUserId_0 -          

2022-03-29 16:41:38.7349 - Entity Framework Core 6.0.3 initialized 'SocialDirectoryContext' using provider 'Microsoft.EntityFrameworkCore.SqlServer:6.0.3' with options: None -          

2022-03-29 16:41:38.7472 - Executed DbCommand (1ms) [Parameters=[@__jwtUserId_0='?' (DbType = Int64)], CommandType='Text', CommandTimeout='30']
SELECT [u].[UserId], [u].[DateOfBirth], [u].[EmailId], [u].[Gender], [u].[Interest], [u].[Location], [u].[MobileNumber], [u].[Name], [u].[Password]
FROM [UserTable] AS [u]
WHERE [u].[UserId] <> @__jwtUserId_0 -          

2022-03-29 16:41:49.3367 - Entity Framework Core 6.0.3 initialized 'SocialDirectoryContext' using provider 'Microsoft.EntityFrameworkCore.SqlServer:6.0.3' with options: None -          

2022-03-29 16:41:49.3367 - Executed DbCommand (1ms) [Parameters=[@__jwtUserId_0='?' (DbType = Int64)], CommandType='Text', CommandTimeout='30']
SELECT [u].[UserId], [u].[DateOfBirth], [u].[EmailId], [u].[Gender], [u].[Interest], [u].[Location], [u].[MobileNumber], [u].[Name], [u].[Password]
FROM [UserTable] AS [u]
WHERE [u].[UserId] <> @__jwtUserId_0 -          

2022-03-29 16:42:03.6005 - Entity Framework Core 6.0.3 initialized 'SocialDirectoryContext' using provider 'Microsoft.EntityFrameworkCore.SqlServer:6.0.3' with options: None -          

2022-03-29 16:42:03.6005 - Executed DbCommand (1ms) [Parameters=[@__jwtUserId_0='?' (DbType = Int64)], CommandType='Text', CommandTimeout='30']
SELECT [u].[UserId], [u].[DateOfBirth], [u].[EmailId], [u].[Gender], [u].[Interest], [u].[Location], [u].[MobileNumber], [u].[Name], [u].[Password]
FROM [UserTable] AS [u]
WHERE [u].[UserId] <> @__jwtUserId_0 -          

2022-03-29 16:42:13.9206 - Entity Framework Core 6.0.3 initialized 'SocialDirectoryContext' using provider 'Microsoft.EntityFrameworkCore.SqlServer:6.0.3' with options: None -          

2022-03-29 16:42:13.9354 - Executed DbCommand (2ms) [Parameters=[@__jwtUserId_0='?' (DbType = Int64)], CommandType='Text', CommandTimeout='30']
SELECT [u].[UserId], [u].[DateOfBirth], [u].[EmailId], [u].[Gender], [u].[Interest], [u].[Location], [u].[MobileNumber], [u].[Name], [u].[Password]
FROM [UserTable] AS [u]
WHERE [u].[UserId] <> @__jwtUserId_0 -          

2022-03-29 16:42:25.0047 - Entity Framework Core 6.0.3 initialized 'SocialDirectoryContext' using provider 'Microsoft.EntityFrameworkCore.SqlServer:6.0.3' with options: None -          

2022-03-29 16:42:25.0047 - Executed DbCommand (1ms) [Parameters=[@__jwtUserId_0='?' (DbType = Int64)], CommandType='Text', CommandTimeout='30']
SELECT [u].[UserId], [u].[DateOfBirth], [u].[EmailId], [u].[Gender], [u].[Interest], [u].[Location], [u].[MobileNumber], [u].[Name], [u].[Password]
FROM [UserTable] AS [u]
WHERE [u].[UserId] <> @__jwtUserId_0 -          

2022-03-29 16:42:31.2948 - Entity Framework Core 6.0.3 initialized 'SocialDirectoryContext' using provider 'Microsoft.EntityFrameworkCore.SqlServer:6.0.3' with options: None -          

2022-03-29 16:42:31.3039 - Executed DbCommand (1ms) [Parameters=[@__jwtUserId_0='?' (DbType = Int64)], CommandType='Text', CommandTimeout='30']
SELECT [u].[UserId], [u].[DateOfBirth], [u].[EmailId], [u].[Gender], [u].[Interest], [u].[Location], [u].[MobileNumber], [u].[Name], [u].[Password]
FROM [UserTable] AS [u]
WHERE [u].[UserId] <> @__jwtUserId_0 -          

2022-03-29 16:42:32.9680 - Entity Framework Core 6.0.3 initialized 'SocialDirectoryContext' using provider 'Microsoft.EntityFrameworkCore.SqlServer:6.0.3' with options: None -          

2022-03-29 16:42:32.9828 - Failed executing DbCommand (4ms) [Parameters=[@p0='?' (DbType = Int64), @p1='?' (DbType = Int64)], CommandType='Text', CommandTimeout='30']
SET NOCOUNT ON;
INSERT INTO [ContactTable] ([ContactId], [UserId])
VALUES (@p0, @p1); -          

2022-03-29 16:42:33.0039 - An exception occurred in the database while saving changes for context type 'RepositoryLayer.Context.SocialDirectoryContext'.
Microsoft.EntityFrameworkCore.DbUpdateException: An error occurred while saving the entity changes. See the inner exception for details.
 ---> Microsoft.Data.SqlClient.SqlException (0x80131904): Violation of PRIMARY KEY constraint 'PK_ContactTable'. Cannot insert duplicate key in object 'dbo.ContactTable'. The duplicate key value is (2, 5).
The statement has been terminated.
   at Microsoft.Data.SqlClient.SqlConnection.OnError(SqlException exception, Boolean breakConnection, Action`1 wrapCloseInAction)
   at Microsoft.Data.SqlClient.SqlInternalConnection.OnError(SqlException exception, Boolean breakConnection, Action`1 wrapCloseInAction)
   at Microsoft.Data.SqlClient.TdsParser.ThrowExceptionAndWarning(TdsParserStateObject stateObj, Boolean callerHasConnectionLock, Boolean asyncClose)
   at Microsoft.Data.SqlClient.TdsParser.TryRun(RunBehavior runBehavior, SqlCommand cmdHandler, SqlDataReader dataStream, BulkCopySimpleResultSet bulkCopyHandler, TdsParserStateObject stateObj, Boolean& dataReady)
   at Microsoft.Data.SqlClient.SqlDataReader.TryConsumeMetaData()
   at Microsoft.Data.SqlClient.SqlDataReader.get_MetaData()
   at Microsoft.Data.SqlClient.SqlCommand.FinishExecuteReader(SqlDataReader ds, RunBehavior runBehavior, String resetOptionsString, Boolean isInternal, Boolean forDescribeParameterEncryption, Boolean shouldCacheForAlwaysEncrypted)
   at Microsoft.Data.SqlClient.SqlCommand.RunExecuteReaderTds(CommandBehavior cmdBehavior, RunBehavior runBehavior, Boolean returnStream, Boolean isAsync, Int32 timeout, Task& task, Boolean asyncWrite, Boolean inRetry, SqlDataReader ds, Boolean describeParameterEncryptionRequest)
   at Microsoft.Data.SqlClient.SqlCommand.RunExecuteReader(CommandBehavior cmdBehavior, RunBehavior runBehavior, Boolean returnStream, TaskCompletionSource`1 completion, Int32 timeout, Task& task, Boolean& usedCache, Boolean asyncWrite, Boolean inRetry, String method)
   at Microsoft.Data.SqlClient.SqlCommand.RunExecuteReader(CommandBehavior cmdBehavior, RunBehavior runBehavior, Boolean returnStream, String method)
   at Microsoft.Data.SqlClient.SqlCommand.ExecuteReader(CommandBehavior behavior)
   at Microsoft.Data.SqlClient.SqlCommand.ExecuteDbDataReader(CommandBehavior behavior)
   at System.Data.Common.DbCommand.ExecuteReader()
   at Microsoft.EntityFrameworkCore.Storage.RelationalCommand.ExecuteReader(RelationalCommandParameterObject parameterObject)
   at Microsoft.EntityFrameworkCore.Update.ReaderModificationCommandBatch.Execute(IRelationalConnection connection)
ClientConnectionId:2136ae7c-3205-4d88-9ed9-14266dd80e5b
Error Number:2627,State:1,Class:14
   --- End of inner exception stack trace ---
   at Microsoft.EntityFrameworkCore.Update.ReaderModificationCommandBatch.Execute(IRelationalConnection connection)
   at Microsoft.EntityFrameworkCore.Update.Internal.BatchExecutor.Execute(IEnumerable`1 commandBatches, IRelationalConnection connection)
   at Microsoft.EntityFrameworkCore.Storage.RelationalDatabase.SaveChanges(IList`1 entries)
   at Microsoft.EntityFrameworkCore.ChangeTracking.Internal.StateManager.SaveChanges(IList`1 entriesToSave)
   at Microsoft.EntityFrameworkCore.ChangeTracking.Internal.StateManager.SaveChanges(StateManager stateManager, Boolean acceptAllChangesOnSuccess)
   at Microsoft.EntityFrameworkCore.ChangeTracking.Internal.StateManager.<>c.<SaveChanges>b__104_0(DbContext _, ValueTuple`2 t)
   at Microsoft.EntityFrameworkCore.SqlServer.Storage.Internal.SqlServerExecutionStrategy.Execute[TState,TResult](TState state, Func`3 operation, Func`3 verifySucceeded)
   at Microsoft.EntityFrameworkCore.ChangeTracking.Internal.StateManager.SaveChanges(Boolean acceptAllChangesOnSuccess)
   at Microsoft.EntityFrameworkCore.DbContext.SaveChanges(Boolean acceptAllChangesOnSuccess) -             at Microsoft.EntityFrameworkCore.Update.ReaderModificationCommandBatch.Execute(IRelationalConnection connection)
   at Microsoft.EntityFrameworkCore.Update.Internal.BatchExecutor.Execute(IEnumerable`1 commandBatches, IRelationalConnection connection)
   at Microsoft.EntityFrameworkCore.Storage.RelationalDatabase.SaveChanges(IList`1 entries)
   at Microsoft.EntityFrameworkCore.ChangeTracking.Internal.StateManager.SaveChanges(IList`1 entriesToSave)
   at Microsoft.EntityFrameworkCore.ChangeTracking.Internal.StateManager.SaveChanges(StateManager stateManager, Boolean acceptAllChangesOnSuccess)
   at Microsoft.EntityFrameworkCore.ChangeTracking.Internal.StateManager.<>c.<SaveChanges>b__104_0(DbContext _, ValueTuple`2 t)
   at Microsoft.EntityFrameworkCore.SqlServer.Storage.Internal.SqlServerExecutionStrategy.Execute[TState,TResult](TState state, Func`3 operation, Func`3 verifySucceeded)
   at Microsoft.EntityFrameworkCore.ChangeTracking.Internal.StateManager.SaveChanges(Boolean acceptAllChangesOnSuccess)
   at Microsoft.EntityFrameworkCore.DbContext.SaveChanges(Boolean acceptAllChangesOnSuccess)

