2022-03-24 18:17:29.8278 - Application started. Press Ctrl+C to shut down. -          

2022-03-24 18:17:29.8931 - Hosting environment: Development -          

2022-03-24 18:17:29.9086 - Content root path: D:\BackendApplication\SocialDirectoryApplication\SocialDirectoryApplication\ -          

2022-03-24 18:18:11.2327 - Entity Framework Core 6.0.3 initialized 'SocialDirectoryContext' using provider 'Microsoft.EntityFrameworkCore.SqlServer:6.0.3' with options: None -          

2022-03-24 18:18:13.9119 - Executed DbCommand (32ms) [Parameters=[@__model_EmailId_0='?' (Size = 4000), @__EncryptedPassword_1='?' (Size = 4000)], CommandType='Text', CommandTimeout='30']
SELECT TOP(1) [u].[UserId], [u].[DateOfBirth], [u].[EmailId], [u].[Gender], [u].[Interest], [u].[Location], [u].[MobileNumber], [u].[Name], [u].[Password]
FROM [UserTable] AS [u]
WHERE ([u].[EmailId] = @__model_EmailId_0) AND ([u].[Password] = @__EncryptedPassword_1) -          

2022-03-24 18:18:14.4643 - Entity Framework Core 6.0.3 initialized 'SocialDirectoryContext' using provider 'Microsoft.EntityFrameworkCore.SqlServer:6.0.3' with options: None -          

2022-03-24 18:18:14.4799 - Executed DbCommand (2ms) [Parameters=[@__jwtUserId_0='?' (DbType = Int64)], CommandType='Text', CommandTimeout='30']
SELECT [u].[UserId], [u].[DateOfBirth], [u].[EmailId], [u].[Gender], [u].[Interest], [u].[Location], [u].[MobileNumber], [u].[Name], [u].[Password]
FROM [UserTable] AS [u]
WHERE [u].[UserId] <> @__jwtUserId_0 -          

2022-03-24 18:18:19.0654 - Entity Framework Core 6.0.3 initialized 'SocialDirectoryContext' using provider 'Microsoft.EntityFrameworkCore.SqlServer:6.0.3' with options: None -          

2022-03-24 18:18:19.0988 - Executed DbCommand (3ms) [Parameters=[@__jwtUserId_0='?' (DbType = Int64)], CommandType='Text', CommandTimeout='30']
SELECT [c].[ContactId], [u].[UserId], [u].[EmailId], [u].[Name], [u].[Gender], [u].[DateOfBirth], [u].[MobileNumber], [u].[Interest], [u].[Location]
FROM [UserTable] AS [u]
INNER JOIN [ContactTable] AS [c] ON [u].[UserId] = [c].[ContactId]
WHERE [c].[UserId] = @__jwtUserId_0 -          

2022-03-24 18:18:22.7152 - Entity Framework Core 6.0.3 initialized 'SocialDirectoryContext' using provider 'Microsoft.EntityFrameworkCore.SqlServer:6.0.3' with options: None -          

2022-03-24 18:18:22.7352 - Executed DbCommand (2ms) [Parameters=[@__jwtUserId_0='?' (DbType = Int64)], CommandType='Text', CommandTimeout='30']
SELECT [u].[UserId], [u].[DateOfBirth], [u].[EmailId], [u].[Gender], [u].[Interest], [u].[Location], [u].[MobileNumber], [u].[Name], [u].[Password]
FROM [UserTable] AS [u]
WHERE [u].[UserId] <> @__jwtUserId_0 -          

2022-03-24 18:18:25.5893 - Entity Framework Core 6.0.3 initialized 'SocialDirectoryContext' using provider 'Microsoft.EntityFrameworkCore.SqlServer:6.0.3' with options: None -          

2022-03-24 18:18:25.5993 - Executed DbCommand (2ms) [Parameters=[@__jwtUserId_0='?' (DbType = Int64)], CommandType='Text', CommandTimeout='30']
SELECT [c].[ContactId], [u].[UserId], [u].[EmailId], [u].[Name], [u].[Gender], [u].[DateOfBirth], [u].[MobileNumber], [u].[Interest], [u].[Location]
FROM [UserTable] AS [u]
INNER JOIN [ContactTable] AS [c] ON [u].[UserId] = [c].[ContactId]
WHERE [c].[UserId] = @__jwtUserId_0 -          

2022-03-24 18:18:27.5028 - Entity Framework Core 6.0.3 initialized 'SocialDirectoryContext' using provider 'Microsoft.EntityFrameworkCore.SqlServer:6.0.3' with options: None -          

2022-03-24 18:18:27.5028 - Executed DbCommand (1ms) [Parameters=[@__jwtUserId_0='?' (DbType = Int64)], CommandType='Text', CommandTimeout='30']
SELECT [u].[UserId], [u].[DateOfBirth], [u].[EmailId], [u].[Gender], [u].[Interest], [u].[Location], [u].[MobileNumber], [u].[Name], [u].[Password]
FROM [UserTable] AS [u]
WHERE [u].[UserId] <> @__jwtUserId_0 -          

2022-03-24 18:18:30.0871 - Entity Framework Core 6.0.3 initialized 'SocialDirectoryContext' using provider 'Microsoft.EntityFrameworkCore.SqlServer:6.0.3' with options: None -          

2022-03-24 18:18:30.0956 - Executed DbCommand (1ms) [Parameters=[@__jwtUserId_0='?' (DbType = Int64)], CommandType='Text', CommandTimeout='30']
SELECT [c].[ContactId], [u].[UserId], [u].[EmailId], [u].[Name], [u].[Gender], [u].[DateOfBirth], [u].[MobileNumber], [u].[Interest], [u].[Location]
FROM [UserTable] AS [u]
INNER JOIN [ContactTable] AS [c] ON [u].[UserId] = [c].[ContactId]
WHERE [c].[UserId] = @__jwtUserId_0 -          

2022-03-24 18:18:31.5511 - Entity Framework Core 6.0.3 initialized 'SocialDirectoryContext' using provider 'Microsoft.EntityFrameworkCore.SqlServer:6.0.3' with options: None -          

2022-03-24 18:18:31.5638 - Executed DbCommand (1ms) [Parameters=[@__jwtUserId_0='?' (DbType = Int64), @__contactId_1='?' (DbType = Int64)], CommandType='Text', CommandTimeout='30']
SELECT TOP(1) [c].[UserId], [c].[ContactId]
FROM [ContactTable] AS [c]
WHERE ([c].[UserId] = @__jwtUserId_0) AND ([c].[ContactId] = @__contactId_1) -          

2022-03-24 18:18:31.6610 - Executed DbCommand (2ms) [Parameters=[@p0='?' (DbType = Int64), @p1='?' (DbType = Int64)], CommandType='Text', CommandTimeout='30']
SET NOCOUNT ON;
DELETE FROM [ContactTable]
WHERE [ContactId] = @p0 AND [UserId] = @p1;
SELECT @@ROWCOUNT; -          

2022-03-24 18:18:31.8488 - Entity Framework Core 6.0.3 initialized 'SocialDirectoryContext' using provider 'Microsoft.EntityFrameworkCore.SqlServer:6.0.3' with options: None -          

2022-03-24 18:18:31.8488 - Executed DbCommand (0ms) [Parameters=[@__jwtUserId_0='?' (DbType = Int64)], CommandType='Text', CommandTimeout='30']
SELECT [c].[ContactId], [u].[UserId], [u].[EmailId], [u].[Name], [u].[Gender], [u].[DateOfBirth], [u].[MobileNumber], [u].[Interest], [u].[Location]
FROM [UserTable] AS [u]
INNER JOIN [ContactTable] AS [c] ON [u].[UserId] = [c].[ContactId]
WHERE [c].[UserId] = @__jwtUserId_0 -          

2022-03-24 18:18:33.2525 - Entity Framework Core 6.0.3 initialized 'SocialDirectoryContext' using provider 'Microsoft.EntityFrameworkCore.SqlServer:6.0.3' with options: None -          

2022-03-24 18:18:33.2525 - Executed DbCommand (1ms) [Parameters=[@__jwtUserId_0='?' (DbType = Int64)], CommandType='Text', CommandTimeout='30']
SELECT [u].[UserId], [u].[DateOfBirth], [u].[EmailId], [u].[Gender], [u].[Interest], [u].[Location], [u].[MobileNumber], [u].[Name], [u].[Password]
FROM [UserTable] AS [u]
WHERE [u].[UserId] <> @__jwtUserId_0 -          

2022-03-24 18:18:35.6528 - Entity Framework Core 6.0.3 initialized 'SocialDirectoryContext' using provider 'Microsoft.EntityFrameworkCore.SqlServer:6.0.3' with options: None -          

2022-03-24 18:18:35.6723 - Executed DbCommand (1ms) [Parameters=[@p0='?' (DbType = Int64), @p1='?' (DbType = Int64)], CommandType='Text', CommandTimeout='30']
SET NOCOUNT ON;
INSERT INTO [ContactTable] ([ContactId], [UserId])
VALUES (@p0, @p1); -          

2022-03-24 18:18:35.6859 - Executed DbCommand (1ms) [Parameters=[@__contactId_0='?' (DbType = Int64)], CommandType='Text', CommandTimeout='30']
SELECT TOP(1) [u].[UserId], [u].[DateOfBirth], [u].[EmailId], [u].[Gender], [u].[Interest], [u].[Location], [u].[MobileNumber], [u].[Name], [u].[Password]
FROM [UserTable] AS [u]
WHERE [u].[UserId] = @__contactId_0 -          

2022-03-24 18:18:35.7158 - Entity Framework Core 6.0.3 initialized 'SocialDirectoryContext' using provider 'Microsoft.EntityFrameworkCore.SqlServer:6.0.3' with options: None -          

2022-03-24 18:18:35.7225 - Executed DbCommand (1ms) [Parameters=[@__jwtUserId_0='?' (DbType = Int64)], CommandType='Text', CommandTimeout='30']
SELECT [c].[ContactId], [u].[UserId], [u].[EmailId], [u].[Name], [u].[Gender], [u].[DateOfBirth], [u].[MobileNumber], [u].[Interest], [u].[Location]
FROM [UserTable] AS [u]
INNER JOIN [ContactTable] AS [c] ON [u].[UserId] = [c].[ContactId]
WHERE [c].[UserId] = @__jwtUserId_0 -          

2022-03-24 18:18:38.3229 - Entity Framework Core 6.0.3 initialized 'SocialDirectoryContext' using provider 'Microsoft.EntityFrameworkCore.SqlServer:6.0.3' with options: None -          

2022-03-24 18:18:38.3303 - Executed DbCommand (0ms) [Parameters=[@__jwtUserId_0='?' (DbType = Int64), @__contactId_1='?' (DbType = Int64)], CommandType='Text', CommandTimeout='30']
SELECT TOP(1) [c].[UserId], [c].[ContactId]
FROM [ContactTable] AS [c]
WHERE ([c].[UserId] = @__jwtUserId_0) AND ([c].[ContactId] = @__contactId_1) -          

2022-03-24 18:18:38.3303 - Executed DbCommand (0ms) [Parameters=[@p0='?' (DbType = Int64), @p1='?' (DbType = Int64)], CommandType='Text', CommandTimeout='30']
SET NOCOUNT ON;
DELETE FROM [ContactTable]
WHERE [ContactId] = @p0 AND [UserId] = @p1;
SELECT @@ROWCOUNT; -          

2022-03-24 18:18:38.4912 - Entity Framework Core 6.0.3 initialized 'SocialDirectoryContext' using provider 'Microsoft.EntityFrameworkCore.SqlServer:6.0.3' with options: None -          

2022-03-24 18:18:38.4912 - Executed DbCommand (0ms) [Parameters=[@__jwtUserId_0='?' (DbType = Int64)], CommandType='Text', CommandTimeout='30']
SELECT [c].[ContactId], [u].[UserId], [u].[EmailId], [u].[Name], [u].[Gender], [u].[DateOfBirth], [u].[MobileNumber], [u].[Interest], [u].[Location]
FROM [UserTable] AS [u]
INNER JOIN [ContactTable] AS [c] ON [u].[UserId] = [c].[ContactId]
WHERE [c].[UserId] = @__jwtUserId_0 -          

2022-03-24 18:18:39.9130 - Entity Framework Core 6.0.3 initialized 'SocialDirectoryContext' using provider 'Microsoft.EntityFrameworkCore.SqlServer:6.0.3' with options: None -          

2022-03-24 18:18:39.9233 - Executed DbCommand (1ms) [Parameters=[@__jwtUserId_0='?' (DbType = Int64)], CommandType='Text', CommandTimeout='30']
SELECT [u].[UserId], [u].[DateOfBirth], [u].[EmailId], [u].[Gender], [u].[Interest], [u].[Location], [u].[MobileNumber], [u].[Name], [u].[Password]
FROM [UserTable] AS [u]
WHERE [u].[UserId] <> @__jwtUserId_0 -          

2022-03-24 18:18:42.6452 - Entity Framework Core 6.0.3 initialized 'SocialDirectoryContext' using provider 'Microsoft.EntityFrameworkCore.SqlServer:6.0.3' with options: None -          

2022-03-24 18:18:42.6452 - Executed DbCommand (0ms) [Parameters=[@p0='?' (DbType = Int64), @p1='?' (DbType = Int64)], CommandType='Text', CommandTimeout='30']
SET NOCOUNT ON;
INSERT INTO [ContactTable] ([ContactId], [UserId])
VALUES (@p0, @p1); -          

2022-03-24 18:18:42.6452 - Executed DbCommand (0ms) [Parameters=[@__contactId_0='?' (DbType = Int64)], CommandType='Text', CommandTimeout='30']
SELECT TOP(1) [u].[UserId], [u].[DateOfBirth], [u].[EmailId], [u].[Gender], [u].[Interest], [u].[Location], [u].[MobileNumber], [u].[Name], [u].[Password]
FROM [UserTable] AS [u]
WHERE [u].[UserId] = @__contactId_0 -          

2022-03-24 18:18:42.6731 - Entity Framework Core 6.0.3 initialized 'SocialDirectoryContext' using provider 'Microsoft.EntityFrameworkCore.SqlServer:6.0.3' with options: None -          

2022-03-24 18:18:42.6731 - Executed DbCommand (1ms) [Parameters=[@__jwtUserId_0='?' (DbType = Int64)], CommandType='Text', CommandTimeout='30']
SELECT [c].[ContactId], [u].[UserId], [u].[EmailId], [u].[Name], [u].[Gender], [u].[DateOfBirth], [u].[MobileNumber], [u].[Interest], [u].[Location]
FROM [UserTable] AS [u]
INNER JOIN [ContactTable] AS [c] ON [u].[UserId] = [c].[ContactId]
WHERE [c].[UserId] = @__jwtUserId_0 -          

2022-03-24 18:18:47.5488 - Entity Framework Core 6.0.3 initialized 'SocialDirectoryContext' using provider 'Microsoft.EntityFrameworkCore.SqlServer:6.0.3' with options: None -          

2022-03-24 18:18:47.5488 - Executed DbCommand (0ms) [Parameters=[@__jwtUserId_0='?' (DbType = Int64)], CommandType='Text', CommandTimeout='30']
SELECT [u].[UserId], [u].[DateOfBirth], [u].[EmailId], [u].[Gender], [u].[Interest], [u].[Location], [u].[MobileNumber], [u].[Name], [u].[Password]
FROM [UserTable] AS [u]
WHERE [u].[UserId] <> @__jwtUserId_0 -          

2022-03-24 18:18:50.4585 - Entity Framework Core 6.0.3 initialized 'SocialDirectoryContext' using provider 'Microsoft.EntityFrameworkCore.SqlServer:6.0.3' with options: None -          

2022-03-24 18:18:50.4800 - Failed executing DbCommand (6ms) [Parameters=[@p0='?' (DbType = Int64), @p1='?' (DbType = Int64)], CommandType='Text', CommandTimeout='30']
SET NOCOUNT ON;
INSERT INTO [ContactTable] ([ContactId], [UserId])
VALUES (@p0, @p1); -          

2022-03-24 18:18:50.7064 - An exception occurred in the database while saving changes for context type 'RepositoryLayer.Context.SocialDirectoryContext'.
Microsoft.EntityFrameworkCore.DbUpdateException: An error occurred while saving the entity changes. See the inner exception for details.
 ---> Microsoft.Data.SqlClient.SqlException (0x80131904): Violation of PRIMARY KEY constraint 'PK_ContactTable'. Cannot insert duplicate key in object 'dbo.ContactTable'. The duplicate key value is (2, 5).
The statement has been terminated.
   at Microsoft.Data.SqlClient.SqlConnection.OnError(SqlException exception, Boolean breakConnection, Action`1 wrapCloseInAction)
   at Microsoft.Data.SqlClient.SqlInternalConnection.OnError(SqlException exception, Boolean breakConnection, Action`1 wrapCloseInAction)
   at Microsoft.Data.SqlClient.TdsParser.ThrowExceptionAndWarning(TdsParserStateObject stateObj, Boolean callerHasConnectionLock, Boolean asyncClose)
   at Microsoft.Data.SqlClient.TdsParser.TryRun(RunBehavior runBehavior, SqlCommand cmdHandler, SqlDataReader dataStream, BulkCopySimpleResultSet bulkCopyHandler, TdsParserStateObject stateObj, Boolean& dataReady)
   at Microsoft.Data.SqlClient.SqlDataReader.TryConsumeMetaData()
   at Microsoft.Data.SqlClient.SqlDataReader.get_MetaData()
   at Microsoft.Data.SqlClient.SqlCommand.FinishExecuteReader(SqlDataReader ds, RunBehavior runBehavior, String resetOptionsString, Boolean isInternal, Boolean forDescribeParameterEncryption, Boolean shouldCacheForAlwaysEncrypted)
   at Microsoft.Data.SqlClient.SqlCommand.RunExecuteReaderTds(CommandBehavior cmdBehavior, RunBehavior runBehavior, Boolean returnStream, Boolean isAsync, Int32 timeout, Task& task, Boolean asyncWrite, Boolean inRetry, SqlDataReader ds, Boolean describeParameterEncryptionRequest)
   at Microsoft.Data.SqlClient.SqlCommand.RunExecuteReader(CommandBehavior cmdBehavior, RunBehavior runBehavior, Boolean returnStream, TaskCompletionSource`1 completion, Int32 timeout, Task& task, Boolean& usedCache, Boolean asyncWrite, Boolean inRetry, String method)
   at Microsoft.Data.SqlClient.SqlCommand.RunExecuteReader(CommandBehavior cmdBehavior, RunBehavior runBehavior, Boolean returnStream, String method)
   at Microsoft.Data.SqlClient.SqlCommand.ExecuteReader(CommandBehavior behavior)
   at Microsoft.Data.SqlClient.SqlCommand.ExecuteDbDataReader(CommandBehavior behavior)
   at System.Data.Common.DbCommand.ExecuteReader()
   at Microsoft.EntityFrameworkCore.Storage.RelationalCommand.ExecuteReader(RelationalCommandParameterObject parameterObject)
   at Microsoft.EntityFrameworkCore.Update.ReaderModificationCommandBatch.Execute(IRelationalConnection connection)
ClientConnectionId:cbc10bae-249f-436a-ac74-ed50b4743461
Error Number:2627,State:1,Class:14
   --- End of inner exception stack trace ---
   at Microsoft.EntityFrameworkCore.Update.ReaderModificationCommandBatch.Execute(IRelationalConnection connection)
   at Microsoft.EntityFrameworkCore.Update.Internal.BatchExecutor.Execute(IEnumerable`1 commandBatches, IRelationalConnection connection)
   at Microsoft.EntityFrameworkCore.Storage.RelationalDatabase.SaveChanges(IList`1 entries)
   at Microsoft.EntityFrameworkCore.ChangeTracking.Internal.StateManager.SaveChanges(IList`1 entriesToSave)
   at Microsoft.EntityFrameworkCore.ChangeTracking.Internal.StateManager.SaveChanges(StateManager stateManager, Boolean acceptAllChangesOnSuccess)
   at Microsoft.EntityFrameworkCore.ChangeTracking.Internal.StateManager.<>c.<SaveChanges>b__104_0(DbContext _, ValueTuple`2 t)
   at Microsoft.EntityFrameworkCore.SqlServer.Storage.Internal.SqlServerExecutionStrategy.Execute[TState,TResult](TState state, Func`3 operation, Func`3 verifySucceeded)
   at Microsoft.EntityFrameworkCore.ChangeTracking.Internal.StateManager.SaveChanges(Boolean acceptAllChangesOnSuccess)
   at Microsoft.EntityFrameworkCore.DbContext.SaveChanges(Boolean acceptAllChangesOnSuccess) -             at Microsoft.EntityFrameworkCore.Update.ReaderModificationCommandBatch.Execute(IRelationalConnection connection)
   at Microsoft.EntityFrameworkCore.Update.Internal.BatchExecutor.Execute(IEnumerable`1 commandBatches, IRelationalConnection connection)
   at Microsoft.EntityFrameworkCore.Storage.RelationalDatabase.SaveChanges(IList`1 entries)
   at Microsoft.EntityFrameworkCore.ChangeTracking.Internal.StateManager.SaveChanges(IList`1 entriesToSave)
   at Microsoft.EntityFrameworkCore.ChangeTracking.Internal.StateManager.SaveChanges(StateManager stateManager, Boolean acceptAllChangesOnSuccess)
   at Microsoft.EntityFrameworkCore.ChangeTracking.Internal.StateManager.<>c.<SaveChanges>b__104_0(DbContext _, ValueTuple`2 t)
   at Microsoft.EntityFrameworkCore.SqlServer.Storage.Internal.SqlServerExecutionStrategy.Execute[TState,TResult](TState state, Func`3 operation, Func`3 verifySucceeded)
   at Microsoft.EntityFrameworkCore.ChangeTracking.Internal.StateManager.SaveChanges(Boolean acceptAllChangesOnSuccess)
   at Microsoft.EntityFrameworkCore.DbContext.SaveChanges(Boolean acceptAllChangesOnSuccess)

2022-03-24 18:18:54.2737 - Entity Framework Core 6.0.3 initialized 'SocialDirectoryContext' using provider 'Microsoft.EntityFrameworkCore.SqlServer:6.0.3' with options: None -          

2022-03-24 18:18:54.2833 - Failed executing DbCommand (2ms) [Parameters=[@p0='?' (DbType = Int64), @p1='?' (DbType = Int64)], CommandType='Text', CommandTimeout='30']
SET NOCOUNT ON;
INSERT INTO [ContactTable] ([ContactId], [UserId])
VALUES (@p0, @p1); -          

2022-03-24 18:18:54.2833 - An exception occurred in the database while saving changes for context type 'RepositoryLayer.Context.SocialDirectoryContext'.
Microsoft.EntityFrameworkCore.DbUpdateException: An error occurred while saving the entity changes. See the inner exception for details.
 ---> Microsoft.Data.SqlClient.SqlException (0x80131904): Violation of PRIMARY KEY constraint 'PK_ContactTable'. Cannot insert duplicate key in object 'dbo.ContactTable'. The duplicate key value is (2, 5).
The statement has been terminated.
   at Microsoft.Data.SqlClient.SqlConnection.OnError(SqlException exception, Boolean breakConnection, Action`1 wrapCloseInAction)
   at Microsoft.Data.SqlClient.SqlInternalConnection.OnError(SqlException exception, Boolean breakConnection, Action`1 wrapCloseInAction)
   at Microsoft.Data.SqlClient.TdsParser.ThrowExceptionAndWarning(TdsParserStateObject stateObj, Boolean callerHasConnectionLock, Boolean asyncClose)
   at Microsoft.Data.SqlClient.TdsParser.TryRun(RunBehavior runBehavior, SqlCommand cmdHandler, SqlDataReader dataStream, BulkCopySimpleResultSet bulkCopyHandler, TdsParserStateObject stateObj, Boolean& dataReady)
   at Microsoft.Data.SqlClient.SqlDataReader.TryConsumeMetaData()
   at Microsoft.Data.SqlClient.SqlDataReader.get_MetaData()
   at Microsoft.Data.SqlClient.SqlCommand.FinishExecuteReader(SqlDataReader ds, RunBehavior runBehavior, String resetOptionsString, Boolean isInternal, Boolean forDescribeParameterEncryption, Boolean shouldCacheForAlwaysEncrypted)
   at Microsoft.Data.SqlClient.SqlCommand.RunExecuteReaderTds(CommandBehavior cmdBehavior, RunBehavior runBehavior, Boolean returnStream, Boolean isAsync, Int32 timeout, Task& task, Boolean asyncWrite, Boolean inRetry, SqlDataReader ds, Boolean describeParameterEncryptionRequest)
   at Microsoft.Data.SqlClient.SqlCommand.RunExecuteReader(CommandBehavior cmdBehavior, RunBehavior runBehavior, Boolean returnStream, TaskCompletionSource`1 completion, Int32 timeout, Task& task, Boolean& usedCache, Boolean asyncWrite, Boolean inRetry, String method)
   at Microsoft.Data.SqlClient.SqlCommand.RunExecuteReader(CommandBehavior cmdBehavior, RunBehavior runBehavior, Boolean returnStream, String method)
   at Microsoft.Data.SqlClient.SqlCommand.ExecuteReader(CommandBehavior behavior)
   at Microsoft.Data.SqlClient.SqlCommand.ExecuteDbDataReader(CommandBehavior behavior)
   at System.Data.Common.DbCommand.ExecuteReader()
   at Microsoft.EntityFrameworkCore.Storage.RelationalCommand.ExecuteReader(RelationalCommandParameterObject parameterObject)
   at Microsoft.EntityFrameworkCore.Update.ReaderModificationCommandBatch.Execute(IRelationalConnection connection)
ClientConnectionId:cbc10bae-249f-436a-ac74-ed50b4743461
Error Number:2627,State:1,Class:14
   --- End of inner exception stack trace ---
   at Microsoft.EntityFrameworkCore.Update.ReaderModificationCommandBatch.Execute(IRelationalConnection connection)
   at Microsoft.EntityFrameworkCore.Update.Internal.BatchExecutor.Execute(IEnumerable`1 commandBatches, IRelationalConnection connection)
   at Microsoft.EntityFrameworkCore.Storage.RelationalDatabase.SaveChanges(IList`1 entries)
   at Microsoft.EntityFrameworkCore.ChangeTracking.Internal.StateManager.SaveChanges(IList`1 entriesToSave)
   at Microsoft.EntityFrameworkCore.ChangeTracking.Internal.StateManager.SaveChanges(StateManager stateManager, Boolean acceptAllChangesOnSuccess)
   at Microsoft.EntityFrameworkCore.ChangeTracking.Internal.StateManager.<>c.<SaveChanges>b__104_0(DbContext _, ValueTuple`2 t)
   at Microsoft.EntityFrameworkCore.SqlServer.Storage.Internal.SqlServerExecutionStrategy.Execute[TState,TResult](TState state, Func`3 operation, Func`3 verifySucceeded)
   at Microsoft.EntityFrameworkCore.ChangeTracking.Internal.StateManager.SaveChanges(Boolean acceptAllChangesOnSuccess)
   at Microsoft.EntityFrameworkCore.DbContext.SaveChanges(Boolean acceptAllChangesOnSuccess) -             at Microsoft.EntityFrameworkCore.Update.ReaderModificationCommandBatch.Execute(IRelationalConnection connection)
   at Microsoft.EntityFrameworkCore.Update.Internal.BatchExecutor.Execute(IEnumerable`1 commandBatches, IRelationalConnection connection)
   at Microsoft.EntityFrameworkCore.Storage.RelationalDatabase.SaveChanges(IList`1 entries)
   at Microsoft.EntityFrameworkCore.ChangeTracking.Internal.StateManager.SaveChanges(IList`1 entriesToSave)
   at Microsoft.EntityFrameworkCore.ChangeTracking.Internal.StateManager.SaveChanges(StateManager stateManager, Boolean acceptAllChangesOnSuccess)
   at Microsoft.EntityFrameworkCore.ChangeTracking.Internal.StateManager.<>c.<SaveChanges>b__104_0(DbContext _, ValueTuple`2 t)
   at Microsoft.EntityFrameworkCore.SqlServer.Storage.Internal.SqlServerExecutionStrategy.Execute[TState,TResult](TState state, Func`3 operation, Func`3 verifySucceeded)
   at Microsoft.EntityFrameworkCore.ChangeTracking.Internal.StateManager.SaveChanges(Boolean acceptAllChangesOnSuccess)
   at Microsoft.EntityFrameworkCore.DbContext.SaveChanges(Boolean acceptAllChangesOnSuccess)

2022-03-24 18:18:57.6662 - Entity Framework Core 6.0.3 initialized 'SocialDirectoryContext' using provider 'Microsoft.EntityFrameworkCore.SqlServer:6.0.3' with options: None -          

2022-03-24 18:18:57.6739 - Executed DbCommand (1ms) [Parameters=[@__jwtUserId_0='?' (DbType = Int64)], CommandType='Text', CommandTimeout='30']
SELECT [c].[ContactId], [u].[UserId], [u].[EmailId], [u].[Name], [u].[Gender], [u].[DateOfBirth], [u].[MobileNumber], [u].[Interest], [u].[Location]
FROM [UserTable] AS [u]
INNER JOIN [ContactTable] AS [c] ON [u].[UserId] = [c].[ContactId]
WHERE [c].[UserId] = @__jwtUserId_0 -          

2022-03-24 18:19:02.5531 - Entity Framework Core 6.0.3 initialized 'SocialDirectoryContext' using provider 'Microsoft.EntityFrameworkCore.SqlServer:6.0.3' with options: None -          

2022-03-24 18:19:02.5672 - Executed DbCommand (1ms) [Parameters=[@__jwtUserId_0='?' (DbType = Int64), @__contactId_1='?' (DbType = Int64)], CommandType='Text', CommandTimeout='30']
SELECT [c].[ContactId], [u].[UserId], [u].[EmailId], [u].[Name], [u].[Gender], [u].[DateOfBirth], [u].[MobileNumber], [u].[Interest], [u].[Location]
FROM [UserTable] AS [u]
INNER JOIN [ContactTable] AS [c] ON [u].[UserId] = [c].[ContactId]
WHERE ([c].[UserId] = @__jwtUserId_0) AND ([c].[ContactId] = @__contactId_1) -          

2022-03-24 18:19:03.9851 - Entity Framework Core 6.0.3 initialized 'SocialDirectoryContext' using provider 'Microsoft.EntityFrameworkCore.SqlServer:6.0.3' with options: None -          

2022-03-24 18:19:03.9927 - Executed DbCommand (1ms) [Parameters=[@__jwtUserId_0='?' (DbType = Int64)], CommandType='Text', CommandTimeout='30']
SELECT [u].[UserId], [u].[DateOfBirth], [u].[EmailId], [u].[Gender], [u].[Interest], [u].[Location], [u].[MobileNumber], [u].[Name], [u].[Password]
FROM [UserTable] AS [u]
WHERE [u].[UserId] <> @__jwtUserId_0 -          

2022-03-24 18:19:10.4121 - Entity Framework Core 6.0.3 initialized 'SocialDirectoryContext' using provider 'Microsoft.EntityFrameworkCore.SqlServer:6.0.3' with options: None -          

2022-03-24 18:19:10.4262 - Executed DbCommand (3ms) [Parameters=[@__searchParameters_0='?' (Size = 4000), @__jwtUserId_1='?' (DbType = Int64)], CommandType='Text', CommandTimeout='30']
SELECT [u].[UserId], [u].[DateOfBirth], [u].[EmailId], [u].[Gender], [u].[Interest], [u].[Location], [u].[MobileNumber], [u].[Name], [u].[Password]
FROM [UserTable] AS [u]
WHERE ((((((([u].[EmailId] = @__searchParameters_0) AND ([u].[UserId] <> @__jwtUserId_1)) OR (([u].[Name] = @__searchParameters_0) AND ([u].[UserId] <> @__jwtUserId_1))) OR (([u].[Gender] = @__searchParameters_0) AND ([u].[UserId] <> @__jwtUserId_1))) OR (([u].[DateOfBirth] = @__searchParameters_0) AND ([u].[UserId] <> @__jwtUserId_1))) OR (([u].[MobileNumber] = @__searchParameters_0) AND ([u].[UserId] <> @__jwtUserId_1))) OR (([u].[Interest] = @__searchParameters_0) AND ([u].[UserId] <> @__jwtUserId_1))) OR (([u].[Location] = @__searchParameters_0) AND ([u].[UserId] <> @__jwtUserId_1)) -          

2022-03-24 18:19:12.6938 - Entity Framework Core 6.0.3 initialized 'SocialDirectoryContext' using provider 'Microsoft.EntityFrameworkCore.SqlServer:6.0.3' with options: None -          

2022-03-24 18:19:12.6938 - Executed DbCommand (1ms) [Parameters=[@__searchParameters_0='?' (Size = 4000), @__jwtUserId_1='?' (DbType = Int64)], CommandType='Text', CommandTimeout='30']
SELECT [u].[UserId], [u].[DateOfBirth], [u].[EmailId], [u].[Gender], [u].[Interest], [u].[Location], [u].[MobileNumber], [u].[Name], [u].[Password]
FROM [UserTable] AS [u]
WHERE ((((((([u].[EmailId] = @__searchParameters_0) AND ([u].[UserId] <> @__jwtUserId_1)) OR (([u].[Name] = @__searchParameters_0) AND ([u].[UserId] <> @__jwtUserId_1))) OR (([u].[Gender] = @__searchParameters_0) AND ([u].[UserId] <> @__jwtUserId_1))) OR (([u].[DateOfBirth] = @__searchParameters_0) AND ([u].[UserId] <> @__jwtUserId_1))) OR (([u].[MobileNumber] = @__searchParameters_0) AND ([u].[UserId] <> @__jwtUserId_1))) OR (([u].[Interest] = @__searchParameters_0) AND ([u].[UserId] <> @__jwtUserId_1))) OR (([u].[Location] = @__searchParameters_0) AND ([u].[UserId] <> @__jwtUserId_1)) -          

2022-03-24 18:19:14.7940 - Entity Framework Core 6.0.3 initialized 'SocialDirectoryContext' using provider 'Microsoft.EntityFrameworkCore.SqlServer:6.0.3' with options: None -          

2022-03-24 18:19:14.8001 - Executed DbCommand (1ms) [Parameters=[@__searchParameters_0='?' (Size = 4000), @__jwtUserId_1='?' (DbType = Int64)], CommandType='Text', CommandTimeout='30']
SELECT [u].[UserId], [u].[DateOfBirth], [u].[EmailId], [u].[Gender], [u].[Interest], [u].[Location], [u].[MobileNumber], [u].[Name], [u].[Password]
FROM [UserTable] AS [u]
WHERE ((((((([u].[EmailId] = @__searchParameters_0) AND ([u].[UserId] <> @__jwtUserId_1)) OR (([u].[Name] = @__searchParameters_0) AND ([u].[UserId] <> @__jwtUserId_1))) OR (([u].[Gender] = @__searchParameters_0) AND ([u].[UserId] <> @__jwtUserId_1))) OR (([u].[DateOfBirth] = @__searchParameters_0) AND ([u].[UserId] <> @__jwtUserId_1))) OR (([u].[MobileNumber] = @__searchParameters_0) AND ([u].[UserId] <> @__jwtUserId_1))) OR (([u].[Interest] = @__searchParameters_0) AND ([u].[UserId] <> @__jwtUserId_1))) OR (([u].[Location] = @__searchParameters_0) AND ([u].[UserId] <> @__jwtUserId_1)) -          

2022-03-24 18:19:24.4734 - Entity Framework Core 6.0.3 initialized 'SocialDirectoryContext' using provider 'Microsoft.EntityFrameworkCore.SqlServer:6.0.3' with options: None -          

2022-03-24 18:19:24.4734 - Executed DbCommand (0ms) [Parameters=[@__searchParameters_0='?' (Size = 4000), @__jwtUserId_1='?' (DbType = Int64)], CommandType='Text', CommandTimeout='30']
SELECT [u].[UserId], [u].[DateOfBirth], [u].[EmailId], [u].[Gender], [u].[Interest], [u].[Location], [u].[MobileNumber], [u].[Name], [u].[Password]
FROM [UserTable] AS [u]
WHERE ((((((([u].[EmailId] = @__searchParameters_0) AND ([u].[UserId] <> @__jwtUserId_1)) OR (([u].[Name] = @__searchParameters_0) AND ([u].[UserId] <> @__jwtUserId_1))) OR (([u].[Gender] = @__searchParameters_0) AND ([u].[UserId] <> @__jwtUserId_1))) OR (([u].[DateOfBirth] = @__searchParameters_0) AND ([u].[UserId] <> @__jwtUserId_1))) OR (([u].[MobileNumber] = @__searchParameters_0) AND ([u].[UserId] <> @__jwtUserId_1))) OR (([u].[Interest] = @__searchParameters_0) AND ([u].[UserId] <> @__jwtUserId_1))) OR (([u].[Location] = @__searchParameters_0) AND ([u].[UserId] <> @__jwtUserId_1)) -          

